[1.252s] Invoking command in '/home/kkcmaestro/ros2_wst/src/pid_controller': DEBUGINFOD_URLS=https://debuginfod.ubuntu.com PYTHONPATH=/home/kkcmaestro/ros2_wst/build/pid_controller/prefix_override:/usr/lib/python3/dist-packages/colcon_core/task/python/colcon_distutils_commands:/home/kkcmaestro/ros2_wst/install/pid_controller/lib/python3.12/site-packages:${PYTHONPATH} /usr/bin/python3 -W ignore:setup.py install is deprecated -W ignore:easy_install command is deprecated setup.py egg_info --egg-base ../../build/pid_controller build --build-base /home/kkcmaestro/ros2_wst/build/pid_controller/build install --record /home/kkcmaestro/ros2_wst/build/pid_controller/install.log --single-version-externally-managed install_data
[1.671s] running egg_info
[1.702s] writing ../../build/pid_controller/pid_controller.egg-info/PKG-INFO
[1.702s] writing dependency_links to ../../build/pid_controller/pid_controller.egg-info/dependency_links.txt
[1.703s] writing entry points to ../../build/pid_controller/pid_controller.egg-info/entry_points.txt
[1.703s] writing requirements to ../../build/pid_controller/pid_controller.egg-info/requires.txt
[1.703s] writing top-level names to ../../build/pid_controller/pid_controller.egg-info/top_level.txt
[1.771s] reading manifest file '../../build/pid_controller/pid_controller.egg-info/SOURCES.txt'
[1.772s] writing manifest file '../../build/pid_controller/pid_controller.egg-info/SOURCES.txt'
[1.772s] running build
[1.772s] running build_py
[1.772s] copying pid_controller/Reach_Goal_noPID.py -> /home/kkcmaestro/ros2_wst/build/pid_controller/build/lib/pid_controller
[1.773s] copying pid_controller/Simple_cmd_vel_pub.py -> /home/kkcmaestro/ros2_wst/build/pid_controller/build/lib/pid_controller
[1.773s] copying pid_controller/pid_controller.py -> /home/kkcmaestro/ros2_wst/build/pid_controller/build/lib/pid_controller
[1.773s] copying pid_controller/Reach_Goal_unmod.py -> /home/kkcmaestro/ros2_wst/build/pid_controller/build/lib/pid_controller
[1.774s] running install
[1.782s] running install_lib
[1.818s] copying /home/kkcmaestro/ros2_wst/build/pid_controller/build/lib/pid_controller/Reach_Goal_noPID.py -> /home/kkcmaestro/ros2_wst/install/pid_controller/lib/python3.12/site-packages/pid_controller
[1.819s] copying /home/kkcmaestro/ros2_wst/build/pid_controller/build/lib/pid_controller/Simple_cmd_vel_pub.py -> /home/kkcmaestro/ros2_wst/install/pid_controller/lib/python3.12/site-packages/pid_controller
[1.819s] copying /home/kkcmaestro/ros2_wst/build/pid_controller/build/lib/pid_controller/pid_controller.py -> /home/kkcmaestro/ros2_wst/install/pid_controller/lib/python3.12/site-packages/pid_controller
[1.819s] copying /home/kkcmaestro/ros2_wst/build/pid_controller/build/lib/pid_controller/Reach_Goal_unmod.py -> /home/kkcmaestro/ros2_wst/install/pid_controller/lib/python3.12/site-packages/pid_controller
[1.820s] byte-compiling /home/kkcmaestro/ros2_wst/install/pid_controller/lib/python3.12/site-packages/pid_controller/Reach_Goal_noPID.py to Reach_Goal_noPID.cpython-312.pyc
[1.821s] byte-compiling /home/kkcmaestro/ros2_wst/install/pid_controller/lib/python3.12/site-packages/pid_controller/Simple_cmd_vel_pub.py to Simple_cmd_vel_pub.cpython-312.pyc
[1.821s] byte-compiling /home/kkcmaestro/ros2_wst/install/pid_controller/lib/python3.12/site-packages/pid_controller/pid_controller.py to pid_controller.cpython-312.pyc
[1.823s] byte-compiling /home/kkcmaestro/ros2_wst/install/pid_controller/lib/python3.12/site-packages/pid_controller/Reach_Goal_unmod.py to Reach_Goal_unmod.cpython-312.pyc
[1.824s] running install_data
[1.824s] running install_egg_info
[1.857s] removing '/home/kkcmaestro/ros2_wst/install/pid_controller/lib/python3.12/site-packages/pid_controller-0.0.0-py3.12.egg-info' (and everything under it)
[1.857s] Copying ../../build/pid_controller/pid_controller.egg-info to /home/kkcmaestro/ros2_wst/install/pid_controller/lib/python3.12/site-packages/pid_controller-0.0.0-py3.12.egg-info
[1.858s] running install_scripts
[2.067s] Installing driver_custom_Node script to /home/kkcmaestro/ros2_wst/install/pid_controller/lib/pid_controller
[2.067s] writing list of installed files to '/home/kkcmaestro/ros2_wst/build/pid_controller/install.log'
[2.110s] Invoked command in '/home/kkcmaestro/ros2_wst/src/pid_controller' returned '0': DEBUGINFOD_URLS=https://debuginfod.ubuntu.com PYTHONPATH=/home/kkcmaestro/ros2_wst/build/pid_controller/prefix_override:/usr/lib/python3/dist-packages/colcon_core/task/python/colcon_distutils_commands:/home/kkcmaestro/ros2_wst/install/pid_controller/lib/python3.12/site-packages:${PYTHONPATH} /usr/bin/python3 -W ignore:setup.py install is deprecated -W ignore:easy_install command is deprecated setup.py egg_info --egg-base ../../build/pid_controller build --build-base /home/kkcmaestro/ros2_wst/build/pid_controller/build install --record /home/kkcmaestro/ros2_wst/build/pid_controller/install.log --single-version-externally-managed install_data
