[1.270s] Invoking command in '/home/kkcmaestro/ros2_wst/src/pid_controller': DEBUGINFOD_URLS=https://debuginfod.ubuntu.com PYTHONPATH=/home/kkcmaestro/ros2_wst/build/pid_controller/prefix_override:/usr/lib/python3/dist-packages/colcon_core/task/python/colcon_distutils_commands:/home/kkcmaestro/ros2_wst/install/pid_controller/lib/python3.12/site-packages:${PYTHONPATH} /usr/bin/python3 -W ignore:setup.py install is deprecated -W ignore:easy_install command is deprecated setup.py egg_info --egg-base ../../build/pid_controller build --build-base /home/kkcmaestro/ros2_wst/build/pid_controller/build install --record /home/kkcmaestro/ros2_wst/build/pid_controller/install.log --single-version-externally-managed install_data
[1.689s] running egg_info
[1.723s] writing ../../build/pid_controller/pid_controller.egg-info/PKG-INFO
[1.724s] writing dependency_links to ../../build/pid_controller/pid_controller.egg-info/dependency_links.txt
[1.724s] writing entry points to ../../build/pid_controller/pid_controller.egg-info/entry_points.txt
[1.724s] writing requirements to ../../build/pid_controller/pid_controller.egg-info/requires.txt
[1.725s] writing top-level names to ../../build/pid_controller/pid_controller.egg-info/top_level.txt
[1.788s] reading manifest file '../../build/pid_controller/pid_controller.egg-info/SOURCES.txt'
[1.789s] writing manifest file '../../build/pid_controller/pid_controller.egg-info/SOURCES.txt'
[1.790s] running build
[1.790s] running build_py
[1.791s] copying pid_controller/Spawn.py -> /home/kkcmaestro/ros2_wst/build/pid_controller/build/lib/pid_controller
[1.792s] running install
[1.800s] running install_lib
[1.834s] copying /home/kkcmaestro/ros2_wst/build/pid_controller/build/lib/pid_controller/Spawn.py -> /home/kkcmaestro/ros2_wst/install/pid_controller/lib/python3.12/site-packages/pid_controller
[1.835s] byte-compiling /home/kkcmaestro/ros2_wst/install/pid_controller/lib/python3.12/site-packages/pid_controller/Spawn.py to Spawn.cpython-312.pyc
[1.837s] running install_data
[1.837s] running install_egg_info
[1.870s] removing '/home/kkcmaestro/ros2_wst/install/pid_controller/lib/python3.12/site-packages/pid_controller-0.0.0-py3.12.egg-info' (and everything under it)
[1.871s] Copying ../../build/pid_controller/pid_controller.egg-info to /home/kkcmaestro/ros2_wst/install/pid_controller/lib/python3.12/site-packages/pid_controller-0.0.0-py3.12.egg-info
[1.872s] running install_scripts
[2.088s] Installing circle_node script to /home/kkcmaestro/ros2_wst/install/pid_controller/lib/pid_controller
[2.088s] Installing deceleration_node script to /home/kkcmaestro/ros2_wst/install/pid_controller/lib/pid_controller
[2.089s] Installing half_vel_node script to /home/kkcmaestro/ros2_wst/install/pid_controller/lib/pid_controller
[2.089s] Installing pid_controller_node script to /home/kkcmaestro/ros2_wst/install/pid_controller/lib/pid_controller
[2.089s] Installing pid_grid_node script to /home/kkcmaestro/ros2_wst/install/pid_controller/lib/pid_controller
[2.090s] Installing police_turtle_node script to /home/kkcmaestro/ros2_wst/install/pid_controller/lib/pid_controller
[2.090s] Installing police_turtle_node2 script to /home/kkcmaestro/ros2_wst/install/pid_controller/lib/pid_controller
[2.090s] Installing rt_pt_node script to /home/kkcmaestro/ros2_wst/install/pid_controller/lib/pid_controller
[2.091s] Installing rt_pt_noise_node script to /home/kkcmaestro/ros2_wst/install/pid_controller/lib/pid_controller
[2.091s] Installing spawn_node script to /home/kkcmaestro/ros2_wst/install/pid_controller/lib/pid_controller
[2.092s] writing list of installed files to '/home/kkcmaestro/ros2_wst/build/pid_controller/install.log'
[2.138s] Invoked command in '/home/kkcmaestro/ros2_wst/src/pid_controller' returned '0': DEBUGINFOD_URLS=https://debuginfod.ubuntu.com PYTHONPATH=/home/kkcmaestro/ros2_wst/build/pid_controller/prefix_override:/usr/lib/python3/dist-packages/colcon_core/task/python/colcon_distutils_commands:/home/kkcmaestro/ros2_wst/install/pid_controller/lib/python3.12/site-packages:${PYTHONPATH} /usr/bin/python3 -W ignore:setup.py install is deprecated -W ignore:easy_install command is deprecated setup.py egg_info --egg-base ../../build/pid_controller build --build-base /home/kkcmaestro/ros2_wst/build/pid_controller/build install --record /home/kkcmaestro/ros2_wst/build/pid_controller/install.log --single-version-externally-managed install_data
