[1.780s] Invoking command in '/home/kkcmaestro/ros2_wst/src/pid_controller': DEBUGINFOD_URLS=https://debuginfod.ubuntu.com PYTHONPATH=/home/kkcmaestro/ros2_wst/build/pid_controller/prefix_override:/usr/lib/python3/dist-packages/colcon_core/task/python/colcon_distutils_commands:/home/kkcmaestro/ros2_wst/install/pid_controller/lib/python3.12/site-packages:${PYTHONPATH} /usr/bin/python3 -W ignore:setup.py install is deprecated -W ignore:easy_install command is deprecated setup.py egg_info --egg-base ../../build/pid_controller build --build-base /home/kkcmaestro/ros2_wst/build/pid_controller/build install --record /home/kkcmaestro/ros2_wst/build/pid_controller/install.log --single-version-externally-managed install_data
[2.364s] running egg_info
[2.405s] writing ../../build/pid_controller/pid_controller.egg-info/PKG-INFO
[2.406s] writing dependency_links to ../../build/pid_controller/pid_controller.egg-info/dependency_links.txt
[2.406s] writing entry points to ../../build/pid_controller/pid_controller.egg-info/entry_points.txt
[2.406s] writing requirements to ../../build/pid_controller/pid_controller.egg-info/requires.txt
[2.407s] writing top-level names to ../../build/pid_controller/pid_controller.egg-info/top_level.txt
[2.485s] reading manifest file '../../build/pid_controller/pid_controller.egg-info/SOURCES.txt'
[2.487s] writing manifest file '../../build/pid_controller/pid_controller.egg-info/SOURCES.txt'
[2.488s] running build
[2.488s] running build_py
[2.488s] copying pid_controller/Police_turle.py -> /home/kkcmaestro/ros2_wst/build/pid_controller/build/lib/pid_controller
[2.489s] running install
[2.498s] running install_lib
[2.539s] copying /home/kkcmaestro/ros2_wst/build/pid_controller/build/lib/pid_controller/Police_turle.py -> /home/kkcmaestro/ros2_wst/install/pid_controller/lib/python3.12/site-packages/pid_controller
[2.540s] byte-compiling /home/kkcmaestro/ros2_wst/install/pid_controller/lib/python3.12/site-packages/pid_controller/Police_turle.py to Police_turle.cpython-312.pyc
[2.543s] running install_data
[2.543s] running install_egg_info
[2.588s] removing '/home/kkcmaestro/ros2_wst/install/pid_controller/lib/python3.12/site-packages/pid_controller-0.0.0-py3.12.egg-info' (and everything under it)
[2.588s] Copying ../../build/pid_controller/pid_controller.egg-info to /home/kkcmaestro/ros2_wst/install/pid_controller/lib/python3.12/site-packages/pid_controller-0.0.0-py3.12.egg-info
[2.591s] running install_scripts
[2.888s] Installing circle_node script to /home/kkcmaestro/ros2_wst/install/pid_controller/lib/pid_controller
[2.889s] Installing deceleration_node script to /home/kkcmaestro/ros2_wst/install/pid_controller/lib/pid_controller
[2.889s] Installing pid_controller_node script to /home/kkcmaestro/ros2_wst/install/pid_controller/lib/pid_controller
[2.889s] Installing pid_grid_node script to /home/kkcmaestro/ros2_wst/install/pid_controller/lib/pid_controller
[2.890s] Installing police_turtle_node script to /home/kkcmaestro/ros2_wst/install/pid_controller/lib/pid_controller
[2.890s] Installing police_turtle_node2 script to /home/kkcmaestro/ros2_wst/install/pid_controller/lib/pid_controller
[2.890s] Installing rt_pt_node script to /home/kkcmaestro/ros2_wst/install/pid_controller/lib/pid_controller
[2.891s] writing list of installed files to '/home/kkcmaestro/ros2_wst/build/pid_controller/install.log'
[2.947s] Invoked command in '/home/kkcmaestro/ros2_wst/src/pid_controller' returned '0': DEBUGINFOD_URLS=https://debuginfod.ubuntu.com PYTHONPATH=/home/kkcmaestro/ros2_wst/build/pid_controller/prefix_override:/usr/lib/python3/dist-packages/colcon_core/task/python/colcon_distutils_commands:/home/kkcmaestro/ros2_wst/install/pid_controller/lib/python3.12/site-packages:${PYTHONPATH} /usr/bin/python3 -W ignore:setup.py install is deprecated -W ignore:easy_install command is deprecated setup.py egg_info --egg-base ../../build/pid_controller build --build-base /home/kkcmaestro/ros2_wst/build/pid_controller/build install --record /home/kkcmaestro/ros2_wst/build/pid_controller/install.log --single-version-externally-managed install_data
