[1.334s] Invoking command in '/home/kkcmaestro/ros2_wst/src/pid_controller': DEBUGINFOD_URLS=https://debuginfod.ubuntu.com PYTHONPATH=/home/kkcmaestro/ros2_wst/build/pid_controller/prefix_override:/usr/lib/python3/dist-packages/colcon_core/task/python/colcon_distutils_commands:/home/kkcmaestro/ros2_wst/install/pid_controller/lib/python3.12/site-packages:${PYTHONPATH} /usr/bin/python3 -W ignore:setup.py install is deprecated -W ignore:easy_install command is deprecated setup.py egg_info --egg-base ../../build/pid_controller build --build-base /home/kkcmaestro/ros2_wst/build/pid_controller/build install --record /home/kkcmaestro/ros2_wst/build/pid_controller/install.log --single-version-externally-managed install_data
[1.859s] running egg_info
[1.900s] writing ../../build/pid_controller/pid_controller.egg-info/PKG-INFO
[1.901s] writing dependency_links to ../../build/pid_controller/pid_controller.egg-info/dependency_links.txt
[1.901s] writing entry points to ../../build/pid_controller/pid_controller.egg-info/entry_points.txt
[1.901s] writing requirements to ../../build/pid_controller/pid_controller.egg-info/requires.txt
[1.901s] writing top-level names to ../../build/pid_controller/pid_controller.egg-info/top_level.txt
[1.974s] reading manifest file '../../build/pid_controller/pid_controller.egg-info/SOURCES.txt'
[1.975s] writing manifest file '../../build/pid_controller/pid_controller.egg-info/SOURCES.txt'
[1.975s] running build
[1.975s] running build_py
[1.975s] copying pid_controller/pid_controller.py -> /home/kkcmaestro/ros2_wst/build/pid_controller/build/lib/pid_controller
[1.976s] running install
[1.986s] running install_lib
[2.021s] copying /home/kkcmaestro/ros2_wst/build/pid_controller/build/lib/pid_controller/pid_controller.py -> /home/kkcmaestro/ros2_wst/install/pid_controller/lib/python3.12/site-packages/pid_controller
[2.022s] byte-compiling /home/kkcmaestro/ros2_wst/install/pid_controller/lib/python3.12/site-packages/pid_controller/pid_controller.py to pid_controller.cpython-312.pyc
[2.023s] running install_data
[2.023s] running install_egg_info
[2.060s] removing '/home/kkcmaestro/ros2_wst/install/pid_controller/lib/python3.12/site-packages/pid_controller-0.0.0-py3.12.egg-info' (and everything under it)
[2.061s] Copying ../../build/pid_controller/pid_controller.egg-info to /home/kkcmaestro/ros2_wst/install/pid_controller/lib/python3.12/site-packages/pid_controller-0.0.0-py3.12.egg-info
[2.062s] running install_scripts
[2.299s] Installing driver_custom_Node script to /home/kkcmaestro/ros2_wst/install/pid_controller/lib/pid_controller
[2.300s] writing list of installed files to '/home/kkcmaestro/ros2_wst/build/pid_controller/install.log'
[2.344s] Invoked command in '/home/kkcmaestro/ros2_wst/src/pid_controller' returned '0': DEBUGINFOD_URLS=https://debuginfod.ubuntu.com PYTHONPATH=/home/kkcmaestro/ros2_wst/build/pid_controller/prefix_override:/usr/lib/python3/dist-packages/colcon_core/task/python/colcon_distutils_commands:/home/kkcmaestro/ros2_wst/install/pid_controller/lib/python3.12/site-packages:${PYTHONPATH} /usr/bin/python3 -W ignore:setup.py install is deprecated -W ignore:easy_install command is deprecated setup.py egg_info --egg-base ../../build/pid_controller build --build-base /home/kkcmaestro/ros2_wst/build/pid_controller/build install --record /home/kkcmaestro/ros2_wst/build/pid_controller/install.log --single-version-externally-managed install_data
