[1.358s] Invoking command in '/home/kkcmaestro/ros2_wst/src/pid_controller': DEBUGINFOD_URLS=https://debuginfod.ubuntu.com PYTHONPATH=/home/kkcmaestro/ros2_wst/build/pid_controller/prefix_override:/usr/lib/python3/dist-packages/colcon_core/task/python/colcon_distutils_commands:/home/kkcmaestro/ros2_wst/install/pid_controller/lib/python3.12/site-packages:${PYTHONPATH} /usr/bin/python3 -W ignore:setup.py install is deprecated -W ignore:easy_install command is deprecated setup.py egg_info --egg-base ../../build/pid_controller build --build-base /home/kkcmaestro/ros2_wst/build/pid_controller/build install --record /home/kkcmaestro/ros2_wst/build/pid_controller/install.log --single-version-externally-managed install_data
[1.813s] running egg_info
[1.848s] writing ../../build/pid_controller/pid_controller.egg-info/PKG-INFO
[1.848s] writing dependency_links to ../../build/pid_controller/pid_controller.egg-info/dependency_links.txt
[1.849s] writing entry points to ../../build/pid_controller/pid_controller.egg-info/entry_points.txt
[1.849s] writing requirements to ../../build/pid_controller/pid_controller.egg-info/requires.txt
[1.849s] writing top-level names to ../../build/pid_controller/pid_controller.egg-info/top_level.txt
[1.925s] reading manifest file '../../build/pid_controller/pid_controller.egg-info/SOURCES.txt'
[1.927s] writing manifest file '../../build/pid_controller/pid_controller.egg-info/SOURCES.txt'
[1.927s] running build
[1.928s] running build_py
[1.928s] copying pid_controller/pid_controller.py -> /home/kkcmaestro/ros2_wst/build/pid_controller/build/lib/pid_controller
[1.929s] running install
[1.937s] running install_lib
[1.971s] copying /home/kkcmaestro/ros2_wst/build/pid_controller/build/lib/pid_controller/pid_controller.py -> /home/kkcmaestro/ros2_wst/install/pid_controller/lib/python3.12/site-packages/pid_controller
[1.972s] byte-compiling /home/kkcmaestro/ros2_wst/install/pid_controller/lib/python3.12/site-packages/pid_controller/pid_controller.py to pid_controller.cpython-312.pyc
[1.974s] running install_data
[1.974s] running install_egg_info
[2.009s] removing '/home/kkcmaestro/ros2_wst/install/pid_controller/lib/python3.12/site-packages/pid_controller-0.0.0-py3.12.egg-info' (and everything under it)
[2.009s] Copying ../../build/pid_controller/pid_controller.egg-info to /home/kkcmaestro/ros2_wst/install/pid_controller/lib/python3.12/site-packages/pid_controller-0.0.0-py3.12.egg-info
[2.010s] running install_scripts
[2.223s] Installing circle_node script to /home/kkcmaestro/ros2_wst/install/pid_controller/lib/pid_controller
[2.224s] Installing deceleration_node script to /home/kkcmaestro/ros2_wst/install/pid_controller/lib/pid_controller
[2.224s] Installing pid_controller_node script to /home/kkcmaestro/ros2_wst/install/pid_controller/lib/pid_controller
[2.225s] Installing police_turtle_node script to /home/kkcmaestro/ros2_wst/install/pid_controller/lib/pid_controller
[2.226s] writing list of installed files to '/home/kkcmaestro/ros2_wst/build/pid_controller/install.log'
[2.273s] Invoked command in '/home/kkcmaestro/ros2_wst/src/pid_controller' returned '0': DEBUGINFOD_URLS=https://debuginfod.ubuntu.com PYTHONPATH=/home/kkcmaestro/ros2_wst/build/pid_controller/prefix_override:/usr/lib/python3/dist-packages/colcon_core/task/python/colcon_distutils_commands:/home/kkcmaestro/ros2_wst/install/pid_controller/lib/python3.12/site-packages:${PYTHONPATH} /usr/bin/python3 -W ignore:setup.py install is deprecated -W ignore:easy_install command is deprecated setup.py egg_info --egg-base ../../build/pid_controller build --build-base /home/kkcmaestro/ros2_wst/build/pid_controller/build install --record /home/kkcmaestro/ros2_wst/build/pid_controller/install.log --single-version-externally-managed install_data
