[1.027s] DEBUG:colcon:Command line arguments: ['/usr/bin/colcon', 'build']
[1.027s] DEBUG:colcon:Parsed command line arguments: Namespace(log_base=None, log_level=None, verb_name='build', build_base='build', install_base='install', merge_install=False, symlink_install=False, test_result_base=None, continue_on_error=False, executor='parallel', parallel_workers=4, event_handlers=None, ignore_user_meta=False, metas=['./colcon.meta'], base_paths=['.'], packages_ignore=None, packages_ignore_regex=None, paths=None, packages_up_to=None, packages_up_to_regex=None, packages_above=None, packages_above_and_dependencies=None, packages_above_depth=None, packages_select_by_dep=None, packages_skip_by_dep=None, packages_skip_up_to=None, packages_select_build_failed=False, packages_skip_build_finished=False, packages_select_test_failures=False, packages_skip_test_passed=False, packages_select=None, packages_skip=None, packages_select_regex=None, packages_skip_regex=None, packages_start=None, packages_end=None, allow_overriding=[], cmake_args=None, cmake_target=None, cmake_target_skip_unavailable=False, cmake_clean_cache=False, cmake_clean_first=False, cmake_force_configure=False, ament_cmake_args=None, catkin_cmake_args=None, catkin_skip_building_tests=False, mixin_files=None, mixin=None, verb_parser=<colcon_mixin.mixin.mixin_argument.MixinArgumentDecorator object at 0x709e9c17bad0>, verb_extension=<colcon_core.verb.build.BuildVerb object at 0x709e9c17b7a0>, main=<bound method BuildVerb.main of <colcon_core.verb.build.BuildVerb object at 0x709e9c17b7a0>>, mixin_verb=('build',))
[1.167s] Level 1:colcon.colcon_core.package_discovery:discover_packages(colcon_meta) check parameters
[1.167s] Level 1:colcon.colcon_core.package_discovery:discover_packages(recursive) check parameters
[1.167s] Level 1:colcon.colcon_core.package_discovery:discover_packages(ignore) check parameters
[1.167s] Level 1:colcon.colcon_core.package_discovery:discover_packages(path) check parameters
[1.167s] Level 1:colcon.colcon_core.package_discovery:discover_packages(colcon_meta) discover
[1.167s] Level 1:colcon.colcon_core.package_discovery:discover_packages(recursive) discover
[1.168s] INFO:colcon.colcon_core.package_discovery:Crawling recursively for packages in '/home/kkcmaestro/ros2_wst'
[1.168s] Level 1:colcon.colcon_core.package_identification:_identify(.) by extensions ['ignore', 'ignore_ament_install']
[1.168s] Level 1:colcon.colcon_core.package_identification:_identify(.) by extension 'ignore'
[1.168s] Level 1:colcon.colcon_core.package_identification:_identify(.) by extension 'ignore_ament_install'
[1.168s] Level 1:colcon.colcon_core.package_identification:_identify(.) by extensions ['colcon_pkg']
[1.168s] Level 1:colcon.colcon_core.package_identification:_identify(.) by extension 'colcon_pkg'
[1.168s] Level 1:colcon.colcon_core.package_identification:_identify(.) by extensions ['colcon_meta']
[1.168s] Level 1:colcon.colcon_core.package_identification:_identify(.) by extension 'colcon_meta'
[1.169s] Level 1:colcon.colcon_core.package_identification:_identify(.) by extensions ['ros']
[1.169s] Level 1:colcon.colcon_core.package_identification:_identify(.) by extension 'ros'
[1.251s] Level 1:colcon.colcon_core.package_identification:_identify(.) by extensions ['cmake', 'python']
[1.251s] Level 1:colcon.colcon_core.package_identification:_identify(.) by extension 'cmake'
[1.251s] Level 1:colcon.colcon_core.package_identification:_identify(.) by extension 'python'
[1.251s] Level 1:colcon.colcon_core.package_identification:_identify(.) by extensions ['python_setup_py']
[1.251s] Level 1:colcon.colcon_core.package_identification:_identify(.) by extension 'python_setup_py'
[1.259s] Level 1:colcon.colcon_core.package_identification:_identify(build) by extensions ['ignore', 'ignore_ament_install']
[1.260s] Level 1:colcon.colcon_core.package_identification:_identify(build) by extension 'ignore'
[1.260s] Level 1:colcon.colcon_core.package_identification:_identify(build) ignored
[1.260s] Level 1:colcon.colcon_core.package_identification:_identify(graphs) by extensions ['ignore', 'ignore_ament_install']
[1.260s] Level 1:colcon.colcon_core.package_identification:_identify(graphs) by extension 'ignore'
[1.260s] Level 1:colcon.colcon_core.package_identification:_identify(graphs) by extension 'ignore_ament_install'
[1.260s] Level 1:colcon.colcon_core.package_identification:_identify(graphs) by extensions ['colcon_pkg']
[1.260s] Level 1:colcon.colcon_core.package_identification:_identify(graphs) by extension 'colcon_pkg'
[1.260s] Level 1:colcon.colcon_core.package_identification:_identify(graphs) by extensions ['colcon_meta']
[1.260s] Level 1:colcon.colcon_core.package_identification:_identify(graphs) by extension 'colcon_meta'
[1.260s] Level 1:colcon.colcon_core.package_identification:_identify(graphs) by extensions ['ros']
[1.260s] Level 1:colcon.colcon_core.package_identification:_identify(graphs) by extension 'ros'
[1.261s] Level 1:colcon.colcon_core.package_identification:_identify(graphs) by extensions ['cmake', 'python']
[1.261s] Level 1:colcon.colcon_core.package_identification:_identify(graphs) by extension 'cmake'
[1.261s] Level 1:colcon.colcon_core.package_identification:_identify(graphs) by extension 'python'
[1.261s] Level 1:colcon.colcon_core.package_identification:_identify(graphs) by extensions ['python_setup_py']
[1.261s] Level 1:colcon.colcon_core.package_identification:_identify(graphs) by extension 'python_setup_py'
[1.272s] Level 1:colcon.colcon_core.package_identification:_identify(install) by extensions ['ignore', 'ignore_ament_install']
[1.272s] Level 1:colcon.colcon_core.package_identification:_identify(install) by extension 'ignore'
[1.272s] Level 1:colcon.colcon_core.package_identification:_identify(install) ignored
[1.273s] Level 1:colcon.colcon_core.package_identification:_identify(log) by extensions ['ignore', 'ignore_ament_install']
[1.274s] Level 1:colcon.colcon_core.package_identification:_identify(log) by extension 'ignore'
[1.274s] Level 1:colcon.colcon_core.package_identification:_identify(log) ignored
[1.275s] Level 1:colcon.colcon_core.package_identification:_identify(src) by extensions ['ignore', 'ignore_ament_install']
[1.275s] Level 1:colcon.colcon_core.package_identification:_identify(src) by extension 'ignore'
[1.276s] Level 1:colcon.colcon_core.package_identification:_identify(src) by extension 'ignore_ament_install'
[1.276s] Level 1:colcon.colcon_core.package_identification:_identify(src) by extensions ['colcon_pkg']
[1.276s] Level 1:colcon.colcon_core.package_identification:_identify(src) by extension 'colcon_pkg'
[1.276s] Level 1:colcon.colcon_core.package_identification:_identify(src) by extensions ['colcon_meta']
[1.276s] Level 1:colcon.colcon_core.package_identification:_identify(src) by extension 'colcon_meta'
[1.277s] Level 1:colcon.colcon_core.package_identification:_identify(src) by extensions ['ros']
[1.277s] Level 1:colcon.colcon_core.package_identification:_identify(src) by extension 'ros'
[1.277s] Level 1:colcon.colcon_core.package_identification:_identify(src) by extensions ['cmake', 'python']
[1.277s] Level 1:colcon.colcon_core.package_identification:_identify(src) by extension 'cmake'
[1.277s] Level 1:colcon.colcon_core.package_identification:_identify(src) by extension 'python'
[1.278s] Level 1:colcon.colcon_core.package_identification:_identify(src) by extensions ['python_setup_py']
[1.278s] Level 1:colcon.colcon_core.package_identification:_identify(src) by extension 'python_setup_py'
[1.278s] Level 1:colcon.colcon_core.package_identification:_identify(src/pid_controller) by extensions ['ignore', 'ignore_ament_install']
[1.279s] Level 1:colcon.colcon_core.package_identification:_identify(src/pid_controller) by extension 'ignore'
[1.279s] Level 1:colcon.colcon_core.package_identification:_identify(src/pid_controller) by extension 'ignore_ament_install'
[1.279s] Level 1:colcon.colcon_core.package_identification:_identify(src/pid_controller) by extensions ['colcon_pkg']
[1.279s] Level 1:colcon.colcon_core.package_identification:_identify(src/pid_controller) by extension 'colcon_pkg'
[1.279s] Level 1:colcon.colcon_core.package_identification:_identify(src/pid_controller) by extensions ['colcon_meta']
[1.280s] Level 1:colcon.colcon_core.package_identification:_identify(src/pid_controller) by extension 'colcon_meta'
[1.280s] Level 1:colcon.colcon_core.package_identification:_identify(src/pid_controller) by extensions ['ros']
[1.280s] Level 1:colcon.colcon_core.package_identification:_identify(src/pid_controller) by extension 'ros'
[1.302s] DEBUG:colcon.colcon_core.package_identification:Package 'src/pid_controller' with type 'ros.ament_python' and name 'pid_controller'
[1.302s] Level 1:colcon.colcon_core.package_discovery:discover_packages(recursive) using defaults
[1.303s] Level 1:colcon.colcon_core.package_discovery:discover_packages(ignore) discover
[1.303s] Level 1:colcon.colcon_core.package_discovery:discover_packages(ignore) using defaults
[1.303s] Level 1:colcon.colcon_core.package_discovery:discover_packages(path) discover
[1.303s] Level 1:colcon.colcon_core.package_discovery:discover_packages(path) using defaults
[1.540s] Level 1:colcon.colcon_core.package_discovery:discover_packages(prefix_path) check parameters
[1.540s] Level 1:colcon.colcon_core.package_discovery:discover_packages(prefix_path) discover
[1.577s] DEBUG:colcon.colcon_installed_package_information.package_discovery:Found 1 installed packages in /home/kkcmaestro/ros2_wst/install
[1.588s] DEBUG:colcon.colcon_installed_package_information.package_discovery:Found 319 installed packages in /opt/ros/jazzy
[1.596s] Level 1:colcon.colcon_core.package_discovery:discover_packages(prefix_path) using defaults
[1.678s] Level 5:colcon.colcon_core.verb:set package 'pid_controller' build argument 'cmake_args' from command line to 'None'
[1.678s] Level 5:colcon.colcon_core.verb:set package 'pid_controller' build argument 'cmake_target' from command line to 'None'
[1.678s] Level 5:colcon.colcon_core.verb:set package 'pid_controller' build argument 'cmake_target_skip_unavailable' from command line to 'False'
[1.678s] Level 5:colcon.colcon_core.verb:set package 'pid_controller' build argument 'cmake_clean_cache' from command line to 'False'
[1.678s] Level 5:colcon.colcon_core.verb:set package 'pid_controller' build argument 'cmake_clean_first' from command line to 'False'
[1.678s] Level 5:colcon.colcon_core.verb:set package 'pid_controller' build argument 'cmake_force_configure' from command line to 'False'
[1.678s] Level 5:colcon.colcon_core.verb:set package 'pid_controller' build argument 'ament_cmake_args' from command line to 'None'
[1.678s] Level 5:colcon.colcon_core.verb:set package 'pid_controller' build argument 'catkin_cmake_args' from command line to 'None'
[1.678s] Level 5:colcon.colcon_core.verb:set package 'pid_controller' build argument 'catkin_skip_building_tests' from command line to 'False'
[1.678s] DEBUG:colcon.colcon_core.verb:Building package 'pid_controller' with the following arguments: {'ament_cmake_args': None, 'build_base': '/home/kkcmaestro/ros2_wst/build/pid_controller', 'catkin_cmake_args': None, 'catkin_skip_building_tests': False, 'cmake_args': None, 'cmake_clean_cache': False, 'cmake_clean_first': False, 'cmake_force_configure': False, 'cmake_target': None, 'cmake_target_skip_unavailable': False, 'install_base': '/home/kkcmaestro/ros2_wst/install/pid_controller', 'merge_install': False, 'path': '/home/kkcmaestro/ros2_wst/src/pid_controller', 'symlink_install': False, 'test_result_base': None}
[1.678s] INFO:colcon.colcon_core.executor:Executing jobs using 'parallel' executor
[1.679s] DEBUG:colcon.colcon_parallel_executor.executor.parallel:run_until_complete
[1.680s] INFO:colcon.colcon_ros.task.ament_python.build:Building ROS package in '/home/kkcmaestro/ros2_wst/src/pid_controller' with build type 'ament_python'
[1.680s] Level 1:colcon.colcon_core.shell:create_environment_hook('pid_controller', 'ament_prefix_path')
[1.726s] INFO:colcon.colcon_core.plugin_system:Skipping extension 'colcon_core.shell.bat': Not used on non-Windows systems
[1.726s] INFO:colcon.colcon_core.shell:Creating environment hook '/home/kkcmaestro/ros2_wst/install/pid_controller/share/pid_controller/hook/ament_prefix_path.ps1'
[1.728s] INFO:colcon.colcon_core.shell:Creating environment descriptor '/home/kkcmaestro/ros2_wst/install/pid_controller/share/pid_controller/hook/ament_prefix_path.dsv'
[1.729s] INFO:colcon.colcon_core.shell:Creating environment hook '/home/kkcmaestro/ros2_wst/install/pid_controller/share/pid_controller/hook/ament_prefix_path.sh'
[1.730s] INFO:colcon.colcon_core.shell:Skip shell extension 'powershell' for command environment: Not usable outside of PowerShell
[1.730s] DEBUG:colcon.colcon_core.shell:Skip shell extension 'dsv' for command environment
[2.079s] INFO:colcon.colcon_core.task.python.build:Building Python package in '/home/kkcmaestro/ros2_wst/src/pid_controller'
[2.079s] INFO:colcon.colcon_core.shell:Skip shell extension 'powershell' for command environment: Not usable outside of PowerShell
[2.079s] DEBUG:colcon.colcon_core.shell:Skip shell extension 'dsv' for command environment
[3.255s] DEBUG:colcon.colcon_core.event_handler.log_command:Invoking command in '/home/kkcmaestro/ros2_wst/src/pid_controller': DEBUGINFOD_URLS=https://debuginfod.ubuntu.com PYTHONPATH=/home/kkcmaestro/ros2_wst/build/pid_controller/prefix_override:/usr/lib/python3/dist-packages/colcon_core/task/python/colcon_distutils_commands:/home/kkcmaestro/ros2_wst/install/pid_controller/lib/python3.12/site-packages:${PYTHONPATH} /usr/bin/python3 -W ignore:setup.py install is deprecated -W ignore:easy_install command is deprecated setup.py egg_info --egg-base ../../build/pid_controller build --build-base /home/kkcmaestro/ros2_wst/build/pid_controller/build install --record /home/kkcmaestro/ros2_wst/build/pid_controller/install.log --single-version-externally-managed install_data
[4.241s] DEBUG:colcon.colcon_core.event_handler.log_command:Invoked command in '/home/kkcmaestro/ros2_wst/src/pid_controller' returned '0': DEBUGINFOD_URLS=https://debuginfod.ubuntu.com PYTHONPATH=/home/kkcmaestro/ros2_wst/build/pid_controller/prefix_override:/usr/lib/python3/dist-packages/colcon_core/task/python/colcon_distutils_commands:/home/kkcmaestro/ros2_wst/install/pid_controller/lib/python3.12/site-packages:${PYTHONPATH} /usr/bin/python3 -W ignore:setup.py install is deprecated -W ignore:easy_install command is deprecated setup.py egg_info --egg-base ../../build/pid_controller build --build-base /home/kkcmaestro/ros2_wst/build/pid_controller/build install --record /home/kkcmaestro/ros2_wst/build/pid_controller/install.log --single-version-externally-managed install_data
[4.282s] Level 1:colcon.colcon_core.environment:checking '/home/kkcmaestro/ros2_wst/install/pid_controller' for CMake module files
[4.284s] Level 1:colcon.colcon_core.environment:checking '/home/kkcmaestro/ros2_wst/install/pid_controller' for CMake config files
[4.324s] Level 1:colcon.colcon_core.environment:checking '/home/kkcmaestro/ros2_wst/install/pid_controller/lib'
[4.325s] Level 1:colcon.colcon_core.environment:checking '/home/kkcmaestro/ros2_wst/install/pid_controller/bin'
[4.326s] Level 1:colcon.colcon_core.environment:checking '/home/kkcmaestro/ros2_wst/install/pid_controller/lib/pkgconfig/pid_controller.pc'
[4.327s] Level 1:colcon.colcon_core.environment:checking '/home/kkcmaestro/ros2_wst/install/pid_controller/lib/python3.12/site-packages'
[4.328s] Level 1:colcon.colcon_core.shell:create_environment_hook('pid_controller', 'pythonpath')
[4.329s] INFO:colcon.colcon_core.shell:Creating environment hook '/home/kkcmaestro/ros2_wst/install/pid_controller/share/pid_controller/hook/pythonpath.ps1'
[4.331s] INFO:colcon.colcon_core.shell:Creating environment descriptor '/home/kkcmaestro/ros2_wst/install/pid_controller/share/pid_controller/hook/pythonpath.dsv'
[4.332s] INFO:colcon.colcon_core.shell:Creating environment hook '/home/kkcmaestro/ros2_wst/install/pid_controller/share/pid_controller/hook/pythonpath.sh'
[4.334s] Level 1:colcon.colcon_core.environment:checking '/home/kkcmaestro/ros2_wst/install/pid_controller/bin'
[4.334s] Level 1:colcon.colcon_core.environment:create_environment_scripts_only(pid_controller)
[4.335s] INFO:colcon.colcon_core.shell:Creating package script '/home/kkcmaestro/ros2_wst/install/pid_controller/share/pid_controller/package.ps1'
[4.337s] INFO:colcon.colcon_core.shell:Creating package descriptor '/home/kkcmaestro/ros2_wst/install/pid_controller/share/pid_controller/package.dsv'
[4.339s] INFO:colcon.colcon_core.shell:Creating package script '/home/kkcmaestro/ros2_wst/install/pid_controller/share/pid_controller/package.sh'
[4.340s] INFO:colcon.colcon_core.shell:Creating package script '/home/kkcmaestro/ros2_wst/install/pid_controller/share/pid_controller/package.bash'
[4.342s] INFO:colcon.colcon_core.shell:Creating package script '/home/kkcmaestro/ros2_wst/install/pid_controller/share/pid_controller/package.zsh'
[4.343s] Level 1:colcon.colcon_core.environment:create_file_with_runtime_dependencies(/home/kkcmaestro/ros2_wst/install/pid_controller/share/colcon-core/packages/pid_controller)
[4.343s] DEBUG:colcon.colcon_parallel_executor.executor.parallel:closing loop
[4.344s] DEBUG:colcon.colcon_parallel_executor.executor.parallel:loop closed
[4.344s] DEBUG:colcon.colcon_parallel_executor.executor.parallel:run_until_complete finished with '0'
[4.344s] DEBUG:colcon.colcon_core.event_reactor:joining thread
[4.378s] INFO:colcon.colcon_core.plugin_system:Skipping extension 'colcon_notification.desktop_notification.terminal_notifier': Not used on non-Darwin systems
[4.378s] INFO:colcon.colcon_core.plugin_system:Skipping extension 'colcon_notification.desktop_notification.win32': Not used on non-Windows systems
[4.378s] INFO:colcon.colcon_notification.desktop_notification:Sending desktop notification using 'notify2'
[4.411s] DEBUG:colcon.colcon_core.event_reactor:joined thread
[4.412s] INFO:colcon.colcon_core.shell:Creating prefix script '/home/kkcmaestro/ros2_wst/install/local_setup.ps1'
[4.431s] INFO:colcon.colcon_core.shell:Creating prefix util module '/home/kkcmaestro/ros2_wst/install/_local_setup_util_ps1.py'
[4.433s] INFO:colcon.colcon_core.shell:Creating prefix chain script '/home/kkcmaestro/ros2_wst/install/setup.ps1'
[4.435s] INFO:colcon.colcon_core.shell:Creating prefix script '/home/kkcmaestro/ros2_wst/install/local_setup.sh'
[4.452s] INFO:colcon.colcon_core.shell:Creating prefix util module '/home/kkcmaestro/ros2_wst/install/_local_setup_util_sh.py'
[4.454s] INFO:colcon.colcon_core.shell:Creating prefix chain script '/home/kkcmaestro/ros2_wst/install/setup.sh'
[4.455s] INFO:colcon.colcon_core.shell:Creating prefix script '/home/kkcmaestro/ros2_wst/install/local_setup.bash'
[4.469s] INFO:colcon.colcon_core.shell:Creating prefix chain script '/home/kkcmaestro/ros2_wst/install/setup.bash'
[4.470s] INFO:colcon.colcon_core.shell:Creating prefix script '/home/kkcmaestro/ros2_wst/install/local_setup.zsh'
[4.480s] INFO:colcon.colcon_core.shell:Creating prefix chain script '/home/kkcmaestro/ros2_wst/install/setup.zsh'
