[0.155s] DEBUG:colcon:Command line arguments: ['/usr/bin/colcon', 'build']
[0.155s] DEBUG:colcon:Parsed command line arguments: Namespace(log_base=None, log_level=None, verb_name='build', build_base='build', install_base='install', merge_install=False, symlink_install=False, test_result_base=None, continue_on_error=False, executor='parallel', parallel_workers=4, event_handlers=None, ignore_user_meta=False, metas=['./colcon.meta'], base_paths=['.'], packages_ignore=None, packages_ignore_regex=None, paths=None, packages_up_to=None, packages_up_to_regex=None, packages_above=None, packages_above_and_dependencies=None, packages_above_depth=None, packages_select_by_dep=None, packages_skip_by_dep=None, packages_skip_up_to=None, packages_select_build_failed=False, packages_skip_build_finished=False, packages_select_test_failures=False, packages_skip_test_passed=False, packages_select=None, packages_skip=None, packages_select_regex=None, packages_skip_regex=None, packages_start=None, packages_end=None, allow_overriding=[], cmake_args=None, cmake_target=None, cmake_target_skip_unavailable=False, cmake_clean_cache=False, cmake_clean_first=False, cmake_force_configure=False, ament_cmake_args=None, catkin_cmake_args=None, catkin_skip_building_tests=False, mixin_files=None, mixin=None, verb_parser=<colcon_mixin.mixin.mixin_argument.MixinArgumentDecorator object at 0x78ac49318b60>, verb_extension=<colcon_core.verb.build.BuildVerb object at 0x78ac4936fad0>, main=<bound method BuildVerb.main of <colcon_core.verb.build.BuildVerb object at 0x78ac4936fad0>>, mixin_verb=('build',))
[0.210s] Level 1:colcon.colcon_core.package_discovery:discover_packages(colcon_meta) check parameters
[0.210s] Level 1:colcon.colcon_core.package_discovery:discover_packages(recursive) check parameters
[0.210s] Level 1:colcon.colcon_core.package_discovery:discover_packages(ignore) check parameters
[0.210s] Level 1:colcon.colcon_core.package_discovery:discover_packages(path) check parameters
[0.210s] Level 1:colcon.colcon_core.package_discovery:discover_packages(colcon_meta) discover
[0.210s] Level 1:colcon.colcon_core.package_discovery:discover_packages(recursive) discover
[0.210s] INFO:colcon.colcon_core.package_discovery:Crawling recursively for packages in '/home/kkcmaestro/ros2_wst'
[0.210s] Level 1:colcon.colcon_core.package_identification:_identify(.) by extensions ['ignore', 'ignore_ament_install']
[0.211s] Level 1:colcon.colcon_core.package_identification:_identify(.) by extension 'ignore'
[0.211s] Level 1:colcon.colcon_core.package_identification:_identify(.) by extension 'ignore_ament_install'
[0.211s] Level 1:colcon.colcon_core.package_identification:_identify(.) by extensions ['colcon_pkg']
[0.211s] Level 1:colcon.colcon_core.package_identification:_identify(.) by extension 'colcon_pkg'
[0.211s] Level 1:colcon.colcon_core.package_identification:_identify(.) by extensions ['colcon_meta']
[0.211s] Level 1:colcon.colcon_core.package_identification:_identify(.) by extension 'colcon_meta'
[0.211s] Level 1:colcon.colcon_core.package_identification:_identify(.) by extensions ['ros']
[0.211s] Level 1:colcon.colcon_core.package_identification:_identify(.) by extension 'ros'
[0.247s] Level 1:colcon.colcon_core.package_identification:_identify(.) by extensions ['cmake', 'python']
[0.247s] Level 1:colcon.colcon_core.package_identification:_identify(.) by extension 'cmake'
[0.247s] Level 1:colcon.colcon_core.package_identification:_identify(.) by extension 'python'
[0.247s] Level 1:colcon.colcon_core.package_identification:_identify(.) by extensions ['python_setup_py']
[0.247s] Level 1:colcon.colcon_core.package_identification:_identify(.) by extension 'python_setup_py'
[0.248s] Level 1:colcon.colcon_core.package_identification:_identify(build) by extensions ['ignore', 'ignore_ament_install']
[0.248s] Level 1:colcon.colcon_core.package_identification:_identify(build) by extension 'ignore'
[0.248s] Level 1:colcon.colcon_core.package_identification:_identify(build) ignored
[0.248s] Level 1:colcon.colcon_core.package_identification:_identify(install) by extensions ['ignore', 'ignore_ament_install']
[0.248s] Level 1:colcon.colcon_core.package_identification:_identify(install) by extension 'ignore'
[0.248s] Level 1:colcon.colcon_core.package_identification:_identify(install) ignored
[0.248s] Level 1:colcon.colcon_core.package_identification:_identify(log) by extensions ['ignore', 'ignore_ament_install']
[0.248s] Level 1:colcon.colcon_core.package_identification:_identify(log) by extension 'ignore'
[0.249s] Level 1:colcon.colcon_core.package_identification:_identify(log) ignored
[0.249s] Level 1:colcon.colcon_core.package_identification:_identify(src) by extensions ['ignore', 'ignore_ament_install']
[0.249s] Level 1:colcon.colcon_core.package_identification:_identify(src) by extension 'ignore'
[0.249s] Level 1:colcon.colcon_core.package_identification:_identify(src) by extension 'ignore_ament_install'
[0.249s] Level 1:colcon.colcon_core.package_identification:_identify(src) by extensions ['colcon_pkg']
[0.249s] Level 1:colcon.colcon_core.package_identification:_identify(src) by extension 'colcon_pkg'
[0.249s] Level 1:colcon.colcon_core.package_identification:_identify(src) by extensions ['colcon_meta']
[0.249s] Level 1:colcon.colcon_core.package_identification:_identify(src) by extension 'colcon_meta'
[0.249s] Level 1:colcon.colcon_core.package_identification:_identify(src) by extensions ['ros']
[0.249s] Level 1:colcon.colcon_core.package_identification:_identify(src) by extension 'ros'
[0.249s] Level 1:colcon.colcon_core.package_identification:_identify(src) by extensions ['cmake', 'python']
[0.249s] Level 1:colcon.colcon_core.package_identification:_identify(src) by extension 'cmake'
[0.249s] Level 1:colcon.colcon_core.package_identification:_identify(src) by extension 'python'
[0.249s] Level 1:colcon.colcon_core.package_identification:_identify(src) by extensions ['python_setup_py']
[0.249s] Level 1:colcon.colcon_core.package_identification:_identify(src) by extension 'python_setup_py'
[0.250s] Level 1:colcon.colcon_core.package_identification:_identify(src/pid_controller) by extensions ['ignore', 'ignore_ament_install']
[0.250s] Level 1:colcon.colcon_core.package_identification:_identify(src/pid_controller) by extension 'ignore'
[0.250s] Level 1:colcon.colcon_core.package_identification:_identify(src/pid_controller) by extension 'ignore_ament_install'
[0.250s] Level 1:colcon.colcon_core.package_identification:_identify(src/pid_controller) by extensions ['colcon_pkg']
[0.250s] Level 1:colcon.colcon_core.package_identification:_identify(src/pid_controller) by extension 'colcon_pkg'
[0.250s] Level 1:colcon.colcon_core.package_identification:_identify(src/pid_controller) by extensions ['colcon_meta']
[0.250s] Level 1:colcon.colcon_core.package_identification:_identify(src/pid_controller) by extension 'colcon_meta'
[0.250s] Level 1:colcon.colcon_core.package_identification:_identify(src/pid_controller) by extensions ['ros']
[0.250s] Level 1:colcon.colcon_core.package_identification:_identify(src/pid_controller) by extension 'ros'
[0.251s] DEBUG:colcon.colcon_core.package_identification:Failed to parse potential ROS package manifest in'src/pid_controller': Error(s) in package 'src/pid_controller/package.xml':
The manifest contains invalid XML:
mismatched tag: line 13, column 26
[0.252s] Level 1:colcon.colcon_core.package_identification:_identify(src/pid_controller) by extensions ['cmake', 'python']
[0.252s] Level 1:colcon.colcon_core.package_identification:_identify(src/pid_controller) by extension 'cmake'
[0.252s] Level 1:colcon.colcon_core.package_identification:_identify(src/pid_controller) by extension 'python'
[0.252s] DEBUG:colcon.colcon_core.package_identification:Python package in 'src/pid_controller' passes arguments to the setup() function which requires a different identification extension than 'python'
[0.252s] Level 1:colcon.colcon_core.package_identification:_identify(src/pid_controller) by extensions ['python_setup_py']
[0.252s] Level 1:colcon.colcon_core.package_identification:_identify(src/pid_controller) by extension 'python_setup_py'
[0.569s] DEBUG:colcon.colcon_core.package_identification:Package 'src/pid_controller' with type 'python' and name 'pid_controller'
[0.570s] Level 1:colcon.colcon_core.package_discovery:discover_packages(recursive) using defaults
[0.570s] Level 1:colcon.colcon_core.package_discovery:discover_packages(ignore) discover
[0.570s] Level 1:colcon.colcon_core.package_discovery:discover_packages(ignore) using defaults
[0.570s] Level 1:colcon.colcon_core.package_discovery:discover_packages(path) discover
[0.570s] Level 1:colcon.colcon_core.package_discovery:discover_packages(path) using defaults
[0.594s] Level 1:colcon.colcon_core.package_discovery:discover_packages(prefix_path) check parameters
[0.594s] Level 1:colcon.colcon_core.package_discovery:discover_packages(prefix_path) discover
[0.596s] DEBUG:colcon.colcon_installed_package_information.package_discovery:Found 1 installed packages in /home/kkcmaestro/ros2_wst/install
[0.597s] DEBUG:colcon.colcon_installed_package_information.package_discovery:Found 1 installed packages in /home/kkcmaestro/ros2_wsf/install
[0.597s] DEBUG:colcon.colcon_installed_package_information.package_discovery:Found 2 installed packages in /home/kkcmaestro/ros2_ws/install
[0.599s] DEBUG:colcon.colcon_installed_package_information.package_discovery:Found 319 installed packages in /opt/ros/jazzy
[0.601s] Level 1:colcon.colcon_core.package_discovery:discover_packages(prefix_path) using defaults
[0.671s] Level 5:colcon.colcon_core.verb:set package 'pid_controller' build argument 'cmake_args' from command line to 'None'
[0.671s] Level 5:colcon.colcon_core.verb:set package 'pid_controller' build argument 'cmake_target' from command line to 'None'
[0.671s] Level 5:colcon.colcon_core.verb:set package 'pid_controller' build argument 'cmake_target_skip_unavailable' from command line to 'False'
[0.671s] Level 5:colcon.colcon_core.verb:set package 'pid_controller' build argument 'cmake_clean_cache' from command line to 'False'
[0.671s] Level 5:colcon.colcon_core.verb:set package 'pid_controller' build argument 'cmake_clean_first' from command line to 'False'
[0.671s] Level 5:colcon.colcon_core.verb:set package 'pid_controller' build argument 'cmake_force_configure' from command line to 'False'
[0.671s] Level 5:colcon.colcon_core.verb:set package 'pid_controller' build argument 'ament_cmake_args' from command line to 'None'
[0.671s] Level 5:colcon.colcon_core.verb:set package 'pid_controller' build argument 'catkin_cmake_args' from command line to 'None'
[0.671s] Level 5:colcon.colcon_core.verb:set package 'pid_controller' build argument 'catkin_skip_building_tests' from command line to 'False'
[0.671s] DEBUG:colcon.colcon_core.verb:Building package 'pid_controller' with the following arguments: {'ament_cmake_args': None, 'build_base': '/home/kkcmaestro/ros2_wst/build/pid_controller', 'catkin_cmake_args': None, 'catkin_skip_building_tests': False, 'cmake_args': None, 'cmake_clean_cache': False, 'cmake_clean_first': False, 'cmake_force_configure': False, 'cmake_target': None, 'cmake_target_skip_unavailable': False, 'install_base': '/home/kkcmaestro/ros2_wst/install/pid_controller', 'merge_install': False, 'path': '/home/kkcmaestro/ros2_wst/src/pid_controller', 'symlink_install': False, 'test_result_base': None}
[0.671s] INFO:colcon.colcon_core.executor:Executing jobs using 'parallel' executor
[0.672s] DEBUG:colcon.colcon_parallel_executor.executor.parallel:run_until_complete
[0.673s] INFO:colcon.colcon_core.task.python.build:Building Python package in '/home/kkcmaestro/ros2_wst/src/pid_controller'
[0.676s] INFO:colcon.colcon_core.plugin_system:Skipping extension 'colcon_core.shell.bat': Not used on non-Windows systems
[0.677s] INFO:colcon.colcon_core.shell:Skip shell extension 'powershell' for command environment: Not usable outside of PowerShell
[0.677s] DEBUG:colcon.colcon_core.shell:Skip shell extension 'dsv' for command environment
[1.918s] DEBUG:colcon.colcon_core.event_handler.log_command:Invoking command in '/home/kkcmaestro/ros2_wst/src/pid_controller': DEBUGINFOD_URLS=https://debuginfod.ubuntu.com PYTHONPATH=/home/kkcmaestro/ros2_wst/build/pid_controller/prefix_override:/usr/lib/python3/dist-packages/colcon_core/task/python/colcon_distutils_commands:/home/kkcmaestro/ros2_wst/install/pid_controller/lib/python3.12/site-packages:${PYTHONPATH} /usr/bin/python3 -W ignore:setup.py install is deprecated -W ignore:easy_install command is deprecated setup.py egg_info --egg-base ../../build/pid_controller build --build-base /home/kkcmaestro/ros2_wst/build/pid_controller/build install --record /home/kkcmaestro/ros2_wst/build/pid_controller/install.log --single-version-externally-managed install_data
[2.751s] DEBUG:colcon.colcon_core.event_handler.log_command:Invoked command in '/home/kkcmaestro/ros2_wst/src/pid_controller' returned '0': DEBUGINFOD_URLS=https://debuginfod.ubuntu.com PYTHONPATH=/home/kkcmaestro/ros2_wst/build/pid_controller/prefix_override:/usr/lib/python3/dist-packages/colcon_core/task/python/colcon_distutils_commands:/home/kkcmaestro/ros2_wst/install/pid_controller/lib/python3.12/site-packages:${PYTHONPATH} /usr/bin/python3 -W ignore:setup.py install is deprecated -W ignore:easy_install command is deprecated setup.py egg_info --egg-base ../../build/pid_controller build --build-base /home/kkcmaestro/ros2_wst/build/pid_controller/build install --record /home/kkcmaestro/ros2_wst/build/pid_controller/install.log --single-version-externally-managed install_data
[2.754s] Level 1:colcon.colcon_core.environment:checking '/home/kkcmaestro/ros2_wst/install/pid_controller' for CMake module files
[2.755s] Level 1:colcon.colcon_core.environment:checking '/home/kkcmaestro/ros2_wst/install/pid_controller' for CMake config files
[2.756s] Level 1:colcon.colcon_core.environment:checking '/home/kkcmaestro/ros2_wst/install/pid_controller/lib'
[2.756s] Level 1:colcon.colcon_core.environment:checking '/home/kkcmaestro/ros2_wst/install/pid_controller/bin'
[2.756s] Level 1:colcon.colcon_core.environment:checking '/home/kkcmaestro/ros2_wst/install/pid_controller/lib/pkgconfig/pid_controller.pc'
[2.756s] Level 1:colcon.colcon_core.environment:checking '/home/kkcmaestro/ros2_wst/install/pid_controller/lib/python3.12/site-packages'
[2.757s] Level 1:colcon.colcon_core.shell:create_environment_hook('pid_controller', 'pythonpath')
[2.757s] INFO:colcon.colcon_core.shell:Creating environment hook '/home/kkcmaestro/ros2_wst/install/pid_controller/share/pid_controller/hook/pythonpath.ps1'
[2.757s] INFO:colcon.colcon_core.shell:Creating environment descriptor '/home/kkcmaestro/ros2_wst/install/pid_controller/share/pid_controller/hook/pythonpath.dsv'
[2.758s] INFO:colcon.colcon_core.shell:Creating environment hook '/home/kkcmaestro/ros2_wst/install/pid_controller/share/pid_controller/hook/pythonpath.sh'
[2.759s] Level 1:colcon.colcon_core.environment:checking '/home/kkcmaestro/ros2_wst/install/pid_controller/bin'
[2.759s] Level 1:colcon.colcon_core.environment:create_environment_scripts_only(pid_controller)
[2.759s] INFO:colcon.colcon_core.shell:Creating package script '/home/kkcmaestro/ros2_wst/install/pid_controller/share/pid_controller/package.ps1'
[2.760s] INFO:colcon.colcon_core.shell:Creating package descriptor '/home/kkcmaestro/ros2_wst/install/pid_controller/share/pid_controller/package.dsv'
[2.761s] INFO:colcon.colcon_core.shell:Creating package script '/home/kkcmaestro/ros2_wst/install/pid_controller/share/pid_controller/package.sh'
[2.762s] INFO:colcon.colcon_core.shell:Creating package script '/home/kkcmaestro/ros2_wst/install/pid_controller/share/pid_controller/package.bash'
[2.762s] INFO:colcon.colcon_core.shell:Creating package script '/home/kkcmaestro/ros2_wst/install/pid_controller/share/pid_controller/package.zsh'
[2.763s] Level 1:colcon.colcon_core.environment:create_file_with_runtime_dependencies(/home/kkcmaestro/ros2_wst/install/pid_controller/share/colcon-core/packages/pid_controller)
[2.763s] DEBUG:colcon.colcon_parallel_executor.executor.parallel:closing loop
[2.764s] DEBUG:colcon.colcon_parallel_executor.executor.parallel:loop closed
[2.764s] DEBUG:colcon.colcon_parallel_executor.executor.parallel:run_until_complete finished with '0'
[2.764s] DEBUG:colcon.colcon_core.event_reactor:joining thread
[2.775s] INFO:colcon.colcon_core.plugin_system:Skipping extension 'colcon_notification.desktop_notification.terminal_notifier': Not used on non-Darwin systems
[2.775s] INFO:colcon.colcon_core.plugin_system:Skipping extension 'colcon_notification.desktop_notification.win32': Not used on non-Windows systems
[2.775s] INFO:colcon.colcon_notification.desktop_notification:Sending desktop notification using 'notify2'
[2.794s] DEBUG:colcon.colcon_core.event_reactor:joined thread
[2.795s] INFO:colcon.colcon_core.shell:Creating prefix script '/home/kkcmaestro/ros2_wst/install/local_setup.ps1'
[2.796s] INFO:colcon.colcon_core.shell:Creating prefix util module '/home/kkcmaestro/ros2_wst/install/_local_setup_util_ps1.py'
[2.798s] INFO:colcon.colcon_core.shell:Creating prefix chain script '/home/kkcmaestro/ros2_wst/install/setup.ps1'
[2.800s] INFO:colcon.colcon_core.shell:Creating prefix script '/home/kkcmaestro/ros2_wst/install/local_setup.sh'
[2.801s] INFO:colcon.colcon_core.shell:Creating prefix util module '/home/kkcmaestro/ros2_wst/install/_local_setup_util_sh.py'
[2.802s] INFO:colcon.colcon_core.shell:Creating prefix chain script '/home/kkcmaestro/ros2_wst/install/setup.sh'
[2.804s] INFO:colcon.colcon_core.shell:Creating prefix script '/home/kkcmaestro/ros2_wst/install/local_setup.bash'
[2.805s] INFO:colcon.colcon_core.shell:Creating prefix chain script '/home/kkcmaestro/ros2_wst/install/setup.bash'
[2.807s] INFO:colcon.colcon_core.shell:Creating prefix script '/home/kkcmaestro/ros2_wst/install/local_setup.zsh'
[2.809s] INFO:colcon.colcon_core.shell:Creating prefix chain script '/home/kkcmaestro/ros2_wst/install/setup.zsh'
