/home/kkcmaestro/ros2_wst/install/pid_controller/lib/python3.12/site-packages/pid_controller/__init__.py
/home/kkcmaestro/ros2_wst/install/pid_controller/lib/python3.12/site-packages/pid_controller/Rt_pt_noisy.py
/home/kkcmaestro/ros2_wst/install/pid_controller/lib/python3.12/site-packages/pid_controller/Reach_Goal_noPID.py
/home/kkcmaestro/ros2_wst/install/pid_controller/lib/python3.12/site-packages/pid_controller/RT_PT_node.py
/home/kkcmaestro/ros2_wst/install/pid_controller/lib/python3.12/site-packages/pid_controller/Circles.py
/home/kkcmaestro/ros2_wst/install/pid_controller/lib/python3.12/site-packages/pid_controller/Simple_cmd_vel_pub.py
/home/kkcmaestro/ros2_wst/install/pid_controller/lib/python3.12/site-packages/pid_controller/SpawnPT.py
/home/kkcmaestro/ros2_wst/install/pid_controller/lib/python3.12/site-packages/pid_controller/pid_controller.py
/home/kkcmaestro/ros2_wst/install/pid_controller/lib/python3.12/site-packages/pid_controller/Spawn.py
/home/kkcmaestro/ros2_wst/install/pid_controller/lib/python3.12/site-packages/pid_controller/Police_turtle.py
/home/kkcmaestro/ros2_wst/install/pid_controller/lib/python3.12/site-packages/pid_controller/Grid_code.py
/home/kkcmaestro/ros2_wst/install/pid_controller/lib/python3.12/site-packages/pid_controller/Police_turle.py
/home/kkcmaestro/ros2_wst/install/pid_controller/lib/python3.12/site-packages/pid_controller/PT_RT_half_vel.py
/home/kkcmaestro/ros2_wst/install/pid_controller/lib/python3.12/site-packages/pid_controller/PT_RT_noisy_data.py
/home/kkcmaestro/ros2_wst/install/pid_controller/lib/python3.12/site-packages/pid_controller/Half_vel_const_track.py
/home/kkcmaestro/ros2_wst/install/pid_controller/lib/python3.12/site-packages/pid_controller/Deceleration_node.py
/home/kkcmaestro/ros2_wst/install/pid_controller/lib/python3.12/site-packages/pid_controller/Reach_Goal_unmod.py
/home/kkcmaestro/ros2_wst/install/pid_controller/lib/python3.12/site-packages/pid_controller/__pycache__/__init__.cpython-312.pyc
/home/kkcmaestro/ros2_wst/install/pid_controller/lib/python3.12/site-packages/pid_controller/__pycache__/Rt_pt_noisy.cpython-312.pyc
/home/kkcmaestro/ros2_wst/install/pid_controller/lib/python3.12/site-packages/pid_controller/__pycache__/Reach_Goal_noPID.cpython-312.pyc
/home/kkcmaestro/ros2_wst/install/pid_controller/lib/python3.12/site-packages/pid_controller/__pycache__/RT_PT_node.cpython-312.pyc
/home/kkcmaestro/ros2_wst/install/pid_controller/lib/python3.12/site-packages/pid_controller/__pycache__/Circles.cpython-312.pyc
/home/kkcmaestro/ros2_wst/install/pid_controller/lib/python3.12/site-packages/pid_controller/__pycache__/Simple_cmd_vel_pub.cpython-312.pyc
/home/kkcmaestro/ros2_wst/install/pid_controller/lib/python3.12/site-packages/pid_controller/__pycache__/SpawnPT.cpython-312.pyc
/home/kkcmaestro/ros2_wst/install/pid_controller/lib/python3.12/site-packages/pid_controller/__pycache__/pid_controller.cpython-312.pyc
/home/kkcmaestro/ros2_wst/install/pid_controller/lib/python3.12/site-packages/pid_controller/__pycache__/Spawn.cpython-312.pyc
/home/kkcmaestro/ros2_wst/install/pid_controller/lib/python3.12/site-packages/pid_controller/__pycache__/Police_turtle.cpython-312.pyc
/home/kkcmaestro/ros2_wst/install/pid_controller/lib/python3.12/site-packages/pid_controller/__pycache__/Grid_code.cpython-312.pyc
/home/kkcmaestro/ros2_wst/install/pid_controller/lib/python3.12/site-packages/pid_controller/__pycache__/Police_turle.cpython-312.pyc
/home/kkcmaestro/ros2_wst/install/pid_controller/lib/python3.12/site-packages/pid_controller/__pycache__/PT_RT_half_vel.cpython-312.pyc
/home/kkcmaestro/ros2_wst/install/pid_controller/lib/python3.12/site-packages/pid_controller/__pycache__/PT_RT_noisy_data.cpython-312.pyc
/home/kkcmaestro/ros2_wst/install/pid_controller/lib/python3.12/site-packages/pid_controller/__pycache__/Half_vel_const_track.cpython-312.pyc
/home/kkcmaestro/ros2_wst/install/pid_controller/lib/python3.12/site-packages/pid_controller/__pycache__/Deceleration_node.cpython-312.pyc
/home/kkcmaestro/ros2_wst/install/pid_controller/lib/python3.12/site-packages/pid_controller/__pycache__/Reach_Goal_unmod.cpython-312.pyc
/home/kkcmaestro/ros2_wst/install/pid_controller/share/ament_index/resource_index/packages/pid_controller
/home/kkcmaestro/ros2_wst/install/pid_controller/share/pid_controller/package.xml
/home/kkcmaestro/ros2_wst/install/pid_controller/lib/python3.12/site-packages/pid_controller-0.0.0-py3.12.egg-info/top_level.txt
/home/kkcmaestro/ros2_wst/install/pid_controller/lib/python3.12/site-packages/pid_controller-0.0.0-py3.12.egg-info/SOURCES.txt
/home/kkcmaestro/ros2_wst/install/pid_controller/lib/python3.12/site-packages/pid_controller-0.0.0-py3.12.egg-info/zip-safe
/home/kkcmaestro/ros2_wst/install/pid_controller/lib/python3.12/site-packages/pid_controller-0.0.0-py3.12.egg-info/entry_points.txt
/home/kkcmaestro/ros2_wst/install/pid_controller/lib/python3.12/site-packages/pid_controller-0.0.0-py3.12.egg-info/requires.txt
/home/kkcmaestro/ros2_wst/install/pid_controller/lib/python3.12/site-packages/pid_controller-0.0.0-py3.12.egg-info/PKG-INFO
/home/kkcmaestro/ros2_wst/install/pid_controller/lib/python3.12/site-packages/pid_controller-0.0.0-py3.12.egg-info/dependency_links.txt
/home/kkcmaestro/ros2_wst/install/pid_controller/lib/pid_controller/circle_node
/home/kkcmaestro/ros2_wst/install/pid_controller/lib/pid_controller/deceleration_node
/home/kkcmaestro/ros2_wst/install/pid_controller/lib/pid_controller/half_vel_node
/home/kkcmaestro/ros2_wst/install/pid_controller/lib/pid_controller/pid_controller_node
/home/kkcmaestro/ros2_wst/install/pid_controller/lib/pid_controller/pid_grid_node
/home/kkcmaestro/ros2_wst/install/pid_controller/lib/pid_controller/police_turtle_node
/home/kkcmaestro/ros2_wst/install/pid_controller/lib/pid_controller/police_turtle_node2
/home/kkcmaestro/ros2_wst/install/pid_controller/lib/pid_controller/rt_pt_node
/home/kkcmaestro/ros2_wst/install/pid_controller/lib/pid_controller/rt_pt_noise_node
/home/kkcmaestro/ros2_wst/install/pid_controller/lib/pid_controller/spawn_node
