[1.298s] Invoking command in '/home/kkcmaestro/ros2_wst/src/pid_controller': DEBUGINFOD_URLS=https://debuginfod.ubuntu.com PYTHONPATH=/home/kkcmaestro/ros2_wst/build/pid_controller/prefix_override:/usr/lib/python3/dist-packages/colcon_core/task/python/colcon_distutils_commands:/home/kkcmaestro/ros2_wst/install/pid_controller/lib/python3.12/site-packages:${PYTHONPATH} /usr/bin/python3 -W ignore:setup.py install is deprecated -W ignore:easy_install command is deprecated setup.py egg_info --egg-base ../../build/pid_controller build --build-base /home/kkcmaestro/ros2_wst/build/pid_controller/build install --record /home/kkcmaestro/ros2_wst/build/pid_controller/install.log --single-version-externally-managed install_data
[1.699s] running egg_info
[1.730s] writing ../../build/pid_controller/pid_controller.egg-info/PKG-INFO
[1.731s] writing dependency_links to ../../build/pid_controller/pid_controller.egg-info/dependency_links.txt
[1.731s] writing entry points to ../../build/pid_controller/pid_controller.egg-info/entry_points.txt
[1.731s] writing requirements to ../../build/pid_controller/pid_controller.egg-info/requires.txt
[1.732s] writing top-level names to ../../build/pid_controller/pid_controller.egg-info/top_level.txt
[1.813s] reading manifest file '../../build/pid_controller/pid_controller.egg-info/SOURCES.txt'
[1.815s] writing manifest file '../../build/pid_controller/pid_controller.egg-info/SOURCES.txt'
[1.815s] running build
[1.815s] running build_py
[1.815s] copying pid_controller/RT_PT_node.py -> /home/kkcmaestro/ros2_wst/build/pid_controller/build/lib/pid_controller
[1.816s] copying pid_controller/Reach_Goal_unmod.py -> /home/kkcmaestro/ros2_wst/build/pid_controller/build/lib/pid_controller
[1.816s] running install
[1.828s] running install_lib
[1.862s] copying /home/kkcmaestro/ros2_wst/build/pid_controller/build/lib/pid_controller/RT_PT_node.py -> /home/kkcmaestro/ros2_wst/install/pid_controller/lib/python3.12/site-packages/pid_controller
[1.862s] copying /home/kkcmaestro/ros2_wst/build/pid_controller/build/lib/pid_controller/Reach_Goal_unmod.py -> /home/kkcmaestro/ros2_wst/install/pid_controller/lib/python3.12/site-packages/pid_controller
[1.863s] byte-compiling /home/kkcmaestro/ros2_wst/install/pid_controller/lib/python3.12/site-packages/pid_controller/RT_PT_node.py to RT_PT_node.cpython-312.pyc
[1.865s] byte-compiling /home/kkcmaestro/ros2_wst/install/pid_controller/lib/python3.12/site-packages/pid_controller/Reach_Goal_unmod.py to Reach_Goal_unmod.cpython-312.pyc
[1.866s] running install_data
[1.867s] running install_egg_info
[1.899s] removing '/home/kkcmaestro/ros2_wst/install/pid_controller/lib/python3.12/site-packages/pid_controller-0.0.0-py3.12.egg-info' (and everything under it)
[1.899s] Copying ../../build/pid_controller/pid_controller.egg-info to /home/kkcmaestro/ros2_wst/install/pid_controller/lib/python3.12/site-packages/pid_controller-0.0.0-py3.12.egg-info
[1.900s] running install_scripts
[2.117s] Installing circle_node script to /home/kkcmaestro/ros2_wst/install/pid_controller/lib/pid_controller
[2.117s] Installing deceleration_node script to /home/kkcmaestro/ros2_wst/install/pid_controller/lib/pid_controller
[2.117s] Installing pid_controller_node script to /home/kkcmaestro/ros2_wst/install/pid_controller/lib/pid_controller
[2.117s] Installing pid_grid_node script to /home/kkcmaestro/ros2_wst/install/pid_controller/lib/pid_controller
[2.118s] Installing police_turtle_node script to /home/kkcmaestro/ros2_wst/install/pid_controller/lib/pid_controller
[2.118s] Installing rt_pt_node script to /home/kkcmaestro/ros2_wst/install/pid_controller/lib/pid_controller
[2.119s] writing list of installed files to '/home/kkcmaestro/ros2_wst/build/pid_controller/install.log'
[2.161s] Invoked command in '/home/kkcmaestro/ros2_wst/src/pid_controller' returned '0': DEBUGINFOD_URLS=https://debuginfod.ubuntu.com PYTHONPATH=/home/kkcmaestro/ros2_wst/build/pid_controller/prefix_override:/usr/lib/python3/dist-packages/colcon_core/task/python/colcon_distutils_commands:/home/kkcmaestro/ros2_wst/install/pid_controller/lib/python3.12/site-packages:${PYTHONPATH} /usr/bin/python3 -W ignore:setup.py install is deprecated -W ignore:easy_install command is deprecated setup.py egg_info --egg-base ../../build/pid_controller build --build-base /home/kkcmaestro/ros2_wst/build/pid_controller/build install --record /home/kkcmaestro/ros2_wst/build/pid_controller/install.log --single-version-externally-managed install_data
