running egg_info
writing ../../build/pid_controller/pid_controller.egg-info/PKG-INFO
writing dependency_links to ../../build/pid_controller/pid_controller.egg-info/dependency_links.txt
writing entry points to ../../build/pid_controller/pid_controller.egg-info/entry_points.txt
writing requirements to ../../build/pid_controller/pid_controller.egg-info/requires.txt
writing top-level names to ../../build/pid_controller/pid_controller.egg-info/top_level.txt
reading manifest file '../../build/pid_controller/pid_controller.egg-info/SOURCES.txt'
writing manifest file '../../build/pid_controller/pid_controller.egg-info/SOURCES.txt'
running build
running build_py
running install
running install_lib
running install_data
running install_egg_info
removing '/home/kkcmaestro/ros2_wst/install/pid_controller/lib/python3.12/site-packages/pid_controller-0.0.0-py3.12.egg-info' (and everything under it)
Copying ../../build/pid_controller/pid_controller.egg-info to /home/kkcmaestro/ros2_wst/install/pid_controller/lib/python3.12/site-packages/pid_controller-0.0.0-py3.12.egg-info
running install_scripts
Installing circle_node script to /home/kkcmaestro/ros2_wst/install/pid_controller/lib/pid_controller
Installing deceleration_node script to /home/kkcmaestro/ros2_wst/install/pid_controller/lib/pid_controller
Installing driver_custom_Node script to /home/kkcmaestro/ros2_wst/install/pid_controller/lib/pid_controller
writing list of installed files to '/home/kkcmaestro/ros2_wst/build/pid_controller/install.log'
