running egg_info
creating ../../build/pid_controller/pid_controller.egg-info
writing ../../build/pid_controller/pid_controller.egg-info/PKG-INFO
writing dependency_links to ../../build/pid_controller/pid_controller.egg-info/dependency_links.txt
writing entry points to ../../build/pid_controller/pid_controller.egg-info/entry_points.txt
writing requirements to ../../build/pid_controller/pid_controller.egg-info/requires.txt
writing top-level names to ../../build/pid_controller/pid_controller.egg-info/top_level.txt
writing manifest file '../../build/pid_controller/pid_controller.egg-info/SOURCES.txt'
reading manifest file '../../build/pid_controller/pid_controller.egg-info/SOURCES.txt'
writing manifest file '../../build/pid_controller/pid_controller.egg-info/SOURCES.txt'
running build
running build_py
creating /home/kkcmaestro/ros2_wst/build/pid_controller/build
creating /home/kkcmaestro/ros2_wst/build/pid_controller/build/lib
creating /home/kkcmaestro/ros2_wst/build/pid_controller/build/lib/pid_controller
copying pid_controller/__init__.py -> /home/kkcmaestro/ros2_wst/build/pid_controller/build/lib/pid_controller
copying pid_controller/pid_controller.py -> /home/kkcmaestro/ros2_wst/build/pid_controller/build/lib/pid_controller
running install
running install_lib
creating /home/kkcmaestro/ros2_wst/install/pid_controller/lib/python3.12/site-packages/pid_controller
copying /home/kkcmaestro/ros2_wst/build/pid_controller/build/lib/pid_controller/__init__.py -> /home/kkcmaestro/ros2_wst/install/pid_controller/lib/python3.12/site-packages/pid_controller
copying /home/kkcmaestro/ros2_wst/build/pid_controller/build/lib/pid_controller/pid_controller.py -> /home/kkcmaestro/ros2_wst/install/pid_controller/lib/python3.12/site-packages/pid_controller
byte-compiling /home/kkcmaestro/ros2_wst/install/pid_controller/lib/python3.12/site-packages/pid_controller/__init__.py to __init__.cpython-312.pyc
byte-compiling /home/kkcmaestro/ros2_wst/install/pid_controller/lib/python3.12/site-packages/pid_controller/pid_controller.py to pid_controller.cpython-312.pyc
running install_data
creating /home/kkcmaestro/ros2_wst/install/pid_controller/share/ament_index
creating /home/kkcmaestro/ros2_wst/install/pid_controller/share/ament_index/resource_index
creating /home/kkcmaestro/ros2_wst/install/pid_controller/share/ament_index/resource_index/packages
copying resource/pid_controller -> /home/kkcmaestro/ros2_wst/install/pid_controller/share/ament_index/resource_index/packages
copying package.xml -> /home/kkcmaestro/ros2_wst/install/pid_controller/share/pid_controller
running install_egg_info
Copying ../../build/pid_controller/pid_controller.egg-info to /home/kkcmaestro/ros2_wst/install/pid_controller/lib/python3.12/site-packages/pid_controller-0.0.0-py3.12.egg-info
running install_scripts
Installing driver_custom_Node script to /home/kkcmaestro/ros2_wst/install/pid_controller/lib/pid_controller
writing list of installed files to '/home/kkcmaestro/ros2_wst/build/pid_controller/install.log'
