[1.258s] Invoking command in '/home/kkcmaestro/ros2_wst/src/pid_controller': DEBUGINFOD_URLS=https://debuginfod.ubuntu.com PYTHONPATH=/home/kkcmaestro/ros2_wst/build/pid_controller/prefix_override:/usr/lib/python3/dist-packages/colcon_core/task/python/colcon_distutils_commands:/home/kkcmaestro/ros2_wst/install/pid_controller/lib/python3.12/site-packages:${PYTHONPATH} /usr/bin/python3 -W ignore:setup.py install is deprecated -W ignore:easy_install command is deprecated setup.py egg_info --egg-base ../../build/pid_controller build --build-base /home/kkcmaestro/ros2_wst/build/pid_controller/build install --record /home/kkcmaestro/ros2_wst/build/pid_controller/install.log --single-version-externally-managed install_data
[1.672s] running egg_info
[1.673s] creating ../../build/pid_controller/pid_controller.egg-info
[1.703s] writing ../../build/pid_controller/pid_controller.egg-info/PKG-INFO
[1.703s] writing dependency_links to ../../build/pid_controller/pid_controller.egg-info/dependency_links.txt
[1.704s] writing entry points to ../../build/pid_controller/pid_controller.egg-info/entry_points.txt
[1.704s] writing requirements to ../../build/pid_controller/pid_controller.egg-info/requires.txt
[1.704s] writing top-level names to ../../build/pid_controller/pid_controller.egg-info/top_level.txt
[1.704s] writing manifest file '../../build/pid_controller/pid_controller.egg-info/SOURCES.txt'
[1.772s] reading manifest file '../../build/pid_controller/pid_controller.egg-info/SOURCES.txt'
[1.773s] writing manifest file '../../build/pid_controller/pid_controller.egg-info/SOURCES.txt'
[1.773s] running build
[1.773s] running build_py
[1.774s] creating /home/kkcmaestro/ros2_wst/build/pid_controller/build
[1.774s] creating /home/kkcmaestro/ros2_wst/build/pid_controller/build/lib
[1.774s] creating /home/kkcmaestro/ros2_wst/build/pid_controller/build/lib/pid_controller
[1.774s] copying pid_controller/__init__.py -> /home/kkcmaestro/ros2_wst/build/pid_controller/build/lib/pid_controller
[1.775s] copying pid_controller/pid_controller.py -> /home/kkcmaestro/ros2_wst/build/pid_controller/build/lib/pid_controller
[1.775s] running install
[1.784s] running install_lib
[1.817s] creating /home/kkcmaestro/ros2_wst/install/pid_controller/lib/python3.12/site-packages/pid_controller
[1.817s] copying /home/kkcmaestro/ros2_wst/build/pid_controller/build/lib/pid_controller/__init__.py -> /home/kkcmaestro/ros2_wst/install/pid_controller/lib/python3.12/site-packages/pid_controller
[1.817s] copying /home/kkcmaestro/ros2_wst/build/pid_controller/build/lib/pid_controller/pid_controller.py -> /home/kkcmaestro/ros2_wst/install/pid_controller/lib/python3.12/site-packages/pid_controller
[1.818s] byte-compiling /home/kkcmaestro/ros2_wst/install/pid_controller/lib/python3.12/site-packages/pid_controller/__init__.py to __init__.cpython-312.pyc
[1.819s] byte-compiling /home/kkcmaestro/ros2_wst/install/pid_controller/lib/python3.12/site-packages/pid_controller/pid_controller.py to pid_controller.cpython-312.pyc
[1.820s] running install_data
[1.820s] creating /home/kkcmaestro/ros2_wst/install/pid_controller/share/ament_index
[1.820s] creating /home/kkcmaestro/ros2_wst/install/pid_controller/share/ament_index/resource_index
[1.820s] creating /home/kkcmaestro/ros2_wst/install/pid_controller/share/ament_index/resource_index/packages
[1.821s] copying resource/pid_controller -> /home/kkcmaestro/ros2_wst/install/pid_controller/share/ament_index/resource_index/packages
[1.821s] copying package.xml -> /home/kkcmaestro/ros2_wst/install/pid_controller/share/pid_controller
[1.821s] running install_egg_info
[1.854s] Copying ../../build/pid_controller/pid_controller.egg-info to /home/kkcmaestro/ros2_wst/install/pid_controller/lib/python3.12/site-packages/pid_controller-0.0.0-py3.12.egg-info
[1.855s] running install_scripts
[2.067s] Installing driver_custom_Node script to /home/kkcmaestro/ros2_wst/install/pid_controller/lib/pid_controller
[2.067s] writing list of installed files to '/home/kkcmaestro/ros2_wst/build/pid_controller/install.log'
[2.109s] Invoked command in '/home/kkcmaestro/ros2_wst/src/pid_controller' returned '0': DEBUGINFOD_URLS=https://debuginfod.ubuntu.com PYTHONPATH=/home/kkcmaestro/ros2_wst/build/pid_controller/prefix_override:/usr/lib/python3/dist-packages/colcon_core/task/python/colcon_distutils_commands:/home/kkcmaestro/ros2_wst/install/pid_controller/lib/python3.12/site-packages:${PYTHONPATH} /usr/bin/python3 -W ignore:setup.py install is deprecated -W ignore:easy_install command is deprecated setup.py egg_info --egg-base ../../build/pid_controller build --build-base /home/kkcmaestro/ros2_wst/build/pid_controller/build install --record /home/kkcmaestro/ros2_wst/build/pid_controller/install.log --single-version-externally-managed install_data
