[1.560s] Invoking command in '/home/kkcmaestro/ros2_wst/src/pid_controller': DEBUGINFOD_URLS=https://debuginfod.ubuntu.com PYTHONPATH=/home/kkcmaestro/ros2_wst/build/pid_controller/prefix_override:/usr/lib/python3/dist-packages/colcon_core/task/python/colcon_distutils_commands:/home/kkcmaestro/ros2_wst/install/pid_controller/lib/python3.12/site-packages:${PYTHONPATH} /usr/bin/python3 -W ignore:setup.py install is deprecated -W ignore:easy_install command is deprecated setup.py egg_info --egg-base ../../build/pid_controller build --build-base /home/kkcmaestro/ros2_wst/build/pid_controller/build install --record /home/kkcmaestro/ros2_wst/build/pid_controller/install.log --single-version-externally-managed install_data
[2.059s] running egg_info
[2.094s] writing ../../build/pid_controller/pid_controller.egg-info/PKG-INFO
[2.095s] writing dependency_links to ../../build/pid_controller/pid_controller.egg-info/dependency_links.txt
[2.095s] writing entry points to ../../build/pid_controller/pid_controller.egg-info/entry_points.txt
[2.096s] writing requirements to ../../build/pid_controller/pid_controller.egg-info/requires.txt
[2.096s] writing top-level names to ../../build/pid_controller/pid_controller.egg-info/top_level.txt
[2.172s] reading manifest file '../../build/pid_controller/pid_controller.egg-info/SOURCES.txt'
[2.174s] writing manifest file '../../build/pid_controller/pid_controller.egg-info/SOURCES.txt'
[2.174s] running build
[2.174s] running build_py
[2.175s] copying pid_controller/PT_RT_half_vel.py -> /home/kkcmaestro/ros2_wst/build/pid_controller/build/lib/pid_controller
[2.176s] running install
[2.187s] running install_lib
[2.226s] copying /home/kkcmaestro/ros2_wst/build/pid_controller/build/lib/pid_controller/PT_RT_half_vel.py -> /home/kkcmaestro/ros2_wst/install/pid_controller/lib/python3.12/site-packages/pid_controller
[2.228s] byte-compiling /home/kkcmaestro/ros2_wst/install/pid_controller/lib/python3.12/site-packages/pid_controller/PT_RT_half_vel.py to PT_RT_half_vel.cpython-312.pyc
[2.232s] running install_data
[2.232s] running install_egg_info
[2.271s] removing '/home/kkcmaestro/ros2_wst/install/pid_controller/lib/python3.12/site-packages/pid_controller-0.0.0-py3.12.egg-info' (and everything under it)
[2.271s] Copying ../../build/pid_controller/pid_controller.egg-info to /home/kkcmaestro/ros2_wst/install/pid_controller/lib/python3.12/site-packages/pid_controller-0.0.0-py3.12.egg-info
[2.272s] running install_scripts
[2.585s] Installing circle_node script to /home/kkcmaestro/ros2_wst/install/pid_controller/lib/pid_controller
[2.586s] Installing deceleration_node script to /home/kkcmaestro/ros2_wst/install/pid_controller/lib/pid_controller
[2.586s] Installing half_vel_node script to /home/kkcmaestro/ros2_wst/install/pid_controller/lib/pid_controller
[2.586s] Installing pid_controller_node script to /home/kkcmaestro/ros2_wst/install/pid_controller/lib/pid_controller
[2.587s] Installing pid_grid_node script to /home/kkcmaestro/ros2_wst/install/pid_controller/lib/pid_controller
[2.587s] Installing police_turtle_node script to /home/kkcmaestro/ros2_wst/install/pid_controller/lib/pid_controller
[2.587s] Installing police_turtle_node2 script to /home/kkcmaestro/ros2_wst/install/pid_controller/lib/pid_controller
[2.588s] Installing rt_pt_node script to /home/kkcmaestro/ros2_wst/install/pid_controller/lib/pid_controller
[2.588s] Installing rt_pt_noise_node script to /home/kkcmaestro/ros2_wst/install/pid_controller/lib/pid_controller
[2.589s] writing list of installed files to '/home/kkcmaestro/ros2_wst/build/pid_controller/install.log'
[2.642s] Invoked command in '/home/kkcmaestro/ros2_wst/src/pid_controller' returned '0': DEBUGINFOD_URLS=https://debuginfod.ubuntu.com PYTHONPATH=/home/kkcmaestro/ros2_wst/build/pid_controller/prefix_override:/usr/lib/python3/dist-packages/colcon_core/task/python/colcon_distutils_commands:/home/kkcmaestro/ros2_wst/install/pid_controller/lib/python3.12/site-packages:${PYTHONPATH} /usr/bin/python3 -W ignore:setup.py install is deprecated -W ignore:easy_install command is deprecated setup.py egg_info --egg-base ../../build/pid_controller build --build-base /home/kkcmaestro/ros2_wst/build/pid_controller/build install --record /home/kkcmaestro/ros2_wst/build/pid_controller/install.log --single-version-externally-managed install_data
