[1.527s] Invoking command in '/home/kkcmaestro/ros2_wst/src/pid_controller': DEBUGINFOD_URLS=https://debuginfod.ubuntu.com PYTHONPATH=/home/kkcmaestro/ros2_wst/build/pid_controller/prefix_override:/usr/lib/python3/dist-packages/colcon_core/task/python/colcon_distutils_commands:/home/kkcmaestro/ros2_wst/install/pid_controller/lib/python3.12/site-packages:${PYTHONPATH} /usr/bin/python3 -W ignore:setup.py install is deprecated -W ignore:easy_install command is deprecated setup.py egg_info --egg-base ../../build/pid_controller build --build-base /home/kkcmaestro/ros2_wst/build/pid_controller/build install --record /home/kkcmaestro/ros2_wst/build/pid_controller/install.log --single-version-externally-managed install_data
[2.110s] running egg_info
[2.150s] writing ../../build/pid_controller/pid_controller.egg-info/PKG-INFO
[2.150s] writing dependency_links to ../../build/pid_controller/pid_controller.egg-info/dependency_links.txt
[2.151s] writing entry points to ../../build/pid_controller/pid_controller.egg-info/entry_points.txt
[2.151s] writing requirements to ../../build/pid_controller/pid_controller.egg-info/requires.txt
[2.151s] writing top-level names to ../../build/pid_controller/pid_controller.egg-info/top_level.txt
[2.230s] reading manifest file '../../build/pid_controller/pid_controller.egg-info/SOURCES.txt'
[2.232s] writing manifest file '../../build/pid_controller/pid_controller.egg-info/SOURCES.txt'
[2.232s] running build
[2.233s] running build_py
[2.233s] copying pid_controller/PT_RT_half_vel.py -> /home/kkcmaestro/ros2_wst/build/pid_controller/build/lib/pid_controller
[2.234s] running install
[2.243s] running install_lib
[2.282s] copying /home/kkcmaestro/ros2_wst/build/pid_controller/build/lib/pid_controller/PT_RT_half_vel.py -> /home/kkcmaestro/ros2_wst/install/pid_controller/lib/python3.12/site-packages/pid_controller
[2.283s] byte-compiling /home/kkcmaestro/ros2_wst/install/pid_controller/lib/python3.12/site-packages/pid_controller/PT_RT_half_vel.py to PT_RT_half_vel.cpython-312.pyc
[2.285s] running install_data
[2.286s] running install_egg_info
[2.325s] removing '/home/kkcmaestro/ros2_wst/install/pid_controller/lib/python3.12/site-packages/pid_controller-0.0.0-py3.12.egg-info' (and everything under it)
[2.326s] Copying ../../build/pid_controller/pid_controller.egg-info to /home/kkcmaestro/ros2_wst/install/pid_controller/lib/python3.12/site-packages/pid_controller-0.0.0-py3.12.egg-info
[2.328s] running install_scripts
[2.586s] Installing circle_node script to /home/kkcmaestro/ros2_wst/install/pid_controller/lib/pid_controller
[2.586s] Installing deceleration_node script to /home/kkcmaestro/ros2_wst/install/pid_controller/lib/pid_controller
[2.586s] Installing half_vel_node script to /home/kkcmaestro/ros2_wst/install/pid_controller/lib/pid_controller
[2.586s] Installing pid_controller_node script to /home/kkcmaestro/ros2_wst/install/pid_controller/lib/pid_controller
[2.587s] Installing pid_grid_node script to /home/kkcmaestro/ros2_wst/install/pid_controller/lib/pid_controller
[2.587s] Installing police_turtle_node script to /home/kkcmaestro/ros2_wst/install/pid_controller/lib/pid_controller
[2.587s] Installing police_turtle_node2 script to /home/kkcmaestro/ros2_wst/install/pid_controller/lib/pid_controller
[2.588s] Installing rt_pt_node script to /home/kkcmaestro/ros2_wst/install/pid_controller/lib/pid_controller
[2.588s] Installing rt_pt_noise_node script to /home/kkcmaestro/ros2_wst/install/pid_controller/lib/pid_controller
[2.588s] writing list of installed files to '/home/kkcmaestro/ros2_wst/build/pid_controller/install.log'
[2.646s] Invoked command in '/home/kkcmaestro/ros2_wst/src/pid_controller' returned '0': DEBUGINFOD_URLS=https://debuginfod.ubuntu.com PYTHONPATH=/home/kkcmaestro/ros2_wst/build/pid_controller/prefix_override:/usr/lib/python3/dist-packages/colcon_core/task/python/colcon_distutils_commands:/home/kkcmaestro/ros2_wst/install/pid_controller/lib/python3.12/site-packages:${PYTHONPATH} /usr/bin/python3 -W ignore:setup.py install is deprecated -W ignore:easy_install command is deprecated setup.py egg_info --egg-base ../../build/pid_controller build --build-base /home/kkcmaestro/ros2_wst/build/pid_controller/build install --record /home/kkcmaestro/ros2_wst/build/pid_controller/install.log --single-version-externally-managed install_data
