[0.517s] DEBUG:colcon:Command line arguments: ['/usr/bin/colcon', 'list', '-p', '--base-paths', '/home/kkcmaestro/ros2_wst']
[0.517s] DEBUG:colcon:Parsed command line arguments: Namespace(log_base=None, log_level=None, verb_name='list', build_base='build', ignore_user_meta=False, metas=['./colcon.meta'], base_paths=['/home/kkcmaestro/ros2_wst'], packages_ignore=None, packages_ignore_regex=None, paths=None, packages_up_to=None, packages_up_to_regex=None, packages_above=None, packages_above_and_dependencies=None, packages_above_depth=None, packages_select_by_dep=None, packages_skip_by_dep=None, packages_skip_up_to=None, packages_select_build_failed=False, packages_skip_build_finished=False, packages_select_test_failures=False, packages_skip_test_passed=False, packages_select=None, packages_skip=None, packages_select_regex=None, packages_skip_regex=None, packages_start=None, packages_end=None, allow_overriding=[], topological_order=False, names_only=False, paths_only=True, topological_graph=False, topological_graph_dot=False, topological_graph_density=False, topological_graph_legend=False, topological_graph_dot_cluster=False, topological_graph_dot_include_skipped=False, mixin_files=None, mixin=None, verb_parser=<colcon_mixin.mixin.mixin_argument.MixinArgumentDecorator object at 0x7ce6754a4560>, verb_extension=<colcon_package_information.verb.list.ListVerb object at 0x7ce6754a4230>, main=<bound method ListVerb.main of <colcon_package_information.verb.list.ListVerb object at 0x7ce6754a4230>>, mixin_verb=('list',))
[0.969s] Level 1:colcon.colcon_core.package_discovery:discover_packages(colcon_meta) check parameters
[0.969s] Level 1:colcon.colcon_core.package_discovery:discover_packages(recursive) check parameters
[0.969s] Level 1:colcon.colcon_core.package_discovery:discover_packages(ignore) check parameters
[0.969s] Level 1:colcon.colcon_core.package_discovery:discover_packages(path) check parameters
[0.969s] Level 1:colcon.colcon_core.package_discovery:discover_packages(recursive) discover
[0.970s] INFO:colcon.colcon_core.package_discovery:Crawling recursively for packages in '/home/kkcmaestro/ros2_wst'
[0.970s] Level 1:colcon.colcon_core.package_identification:_identify(/home/kkcmaestro/ros2_wst) by extensions ['ignore', 'ignore_ament_install']
[0.970s] Level 1:colcon.colcon_core.package_identification:_identify(/home/kkcmaestro/ros2_wst) by extension 'ignore'
[0.971s] Level 1:colcon.colcon_core.package_identification:_identify(/home/kkcmaestro/ros2_wst) by extension 'ignore_ament_install'
[0.972s] Level 1:colcon.colcon_core.package_identification:_identify(/home/kkcmaestro/ros2_wst) by extensions ['colcon_pkg']
[0.972s] Level 1:colcon.colcon_core.package_identification:_identify(/home/kkcmaestro/ros2_wst) by extension 'colcon_pkg'
[0.972s] Level 1:colcon.colcon_core.package_identification:_identify(/home/kkcmaestro/ros2_wst) by extensions ['colcon_meta']
[0.972s] Level 1:colcon.colcon_core.package_identification:_identify(/home/kkcmaestro/ros2_wst) by extension 'colcon_meta'
[0.972s] Level 1:colcon.colcon_core.package_identification:_identify(/home/kkcmaestro/ros2_wst) by extensions ['ros']
[0.972s] Level 1:colcon.colcon_core.package_identification:_identify(/home/kkcmaestro/ros2_wst) by extension 'ros'
[1.299s] Level 1:colcon.colcon_core.package_identification:_identify(/home/kkcmaestro/ros2_wst) by extensions ['cmake', 'python']
[1.299s] Level 1:colcon.colcon_core.package_identification:_identify(/home/kkcmaestro/ros2_wst) by extension 'cmake'
[1.299s] Level 1:colcon.colcon_core.package_identification:_identify(/home/kkcmaestro/ros2_wst) by extension 'python'
[1.300s] Level 1:colcon.colcon_core.package_identification:_identify(/home/kkcmaestro/ros2_wst) by extensions ['python_setup_py']
[1.300s] Level 1:colcon.colcon_core.package_identification:_identify(/home/kkcmaestro/ros2_wst) by extension 'python_setup_py'
[1.300s] Level 1:colcon.colcon_core.package_identification:_identify(/home/kkcmaestro/ros2_wst/build) by extensions ['ignore', 'ignore_ament_install']
[1.300s] Level 1:colcon.colcon_core.package_identification:_identify(/home/kkcmaestro/ros2_wst/build) by extension 'ignore'
[1.300s] Level 1:colcon.colcon_core.package_identification:_identify(/home/kkcmaestro/ros2_wst/build) ignored
[1.305s] Level 1:colcon.colcon_core.package_identification:_identify(/home/kkcmaestro/ros2_wst/install) by extensions ['ignore', 'ignore_ament_install']
[1.305s] Level 1:colcon.colcon_core.package_identification:_identify(/home/kkcmaestro/ros2_wst/install) by extension 'ignore'
[1.305s] Level 1:colcon.colcon_core.package_identification:_identify(/home/kkcmaestro/ros2_wst/install) ignored
[1.305s] Level 1:colcon.colcon_core.package_identification:_identify(/home/kkcmaestro/ros2_wst/log) by extensions ['ignore', 'ignore_ament_install']
[1.336s] Level 1:colcon.colcon_core.package_identification:_identify(/home/kkcmaestro/ros2_wst/log) by extension 'ignore'
[1.336s] Level 1:colcon.colcon_core.package_identification:_identify(/home/kkcmaestro/ros2_wst/log) ignored
[1.336s] Level 1:colcon.colcon_core.package_identification:_identify(/home/kkcmaestro/ros2_wst/src) by extensions ['ignore', 'ignore_ament_install']
[1.336s] Level 1:colcon.colcon_core.package_identification:_identify(/home/kkcmaestro/ros2_wst/src) by extension 'ignore'
[1.337s] Level 1:colcon.colcon_core.package_identification:_identify(/home/kkcmaestro/ros2_wst/src) by extension 'ignore_ament_install'
[1.341s] Level 1:colcon.colcon_core.package_identification:_identify(/home/kkcmaestro/ros2_wst/src) by extensions ['colcon_pkg']
[1.341s] Level 1:colcon.colcon_core.package_identification:_identify(/home/kkcmaestro/ros2_wst/src) by extension 'colcon_pkg'
[1.341s] Level 1:colcon.colcon_core.package_identification:_identify(/home/kkcmaestro/ros2_wst/src) by extensions ['colcon_meta']
[1.341s] Level 1:colcon.colcon_core.package_identification:_identify(/home/kkcmaestro/ros2_wst/src) by extension 'colcon_meta'
[1.341s] Level 1:colcon.colcon_core.package_identification:_identify(/home/kkcmaestro/ros2_wst/src) by extensions ['ros']
[1.341s] Level 1:colcon.colcon_core.package_identification:_identify(/home/kkcmaestro/ros2_wst/src) by extension 'ros'
[1.341s] Level 1:colcon.colcon_core.package_identification:_identify(/home/kkcmaestro/ros2_wst/src) by extensions ['cmake', 'python']
[1.341s] Level 1:colcon.colcon_core.package_identification:_identify(/home/kkcmaestro/ros2_wst/src) by extension 'cmake'
[1.342s] Level 1:colcon.colcon_core.package_identification:_identify(/home/kkcmaestro/ros2_wst/src) by extension 'python'
[1.342s] Level 1:colcon.colcon_core.package_identification:_identify(/home/kkcmaestro/ros2_wst/src) by extensions ['python_setup_py']
[1.342s] Level 1:colcon.colcon_core.package_identification:_identify(/home/kkcmaestro/ros2_wst/src) by extension 'python_setup_py'
[1.342s] Level 1:colcon.colcon_core.package_identification:_identify(/home/kkcmaestro/ros2_wst/src/pid_controller) by extensions ['ignore', 'ignore_ament_install']
[1.342s] Level 1:colcon.colcon_core.package_identification:_identify(/home/kkcmaestro/ros2_wst/src/pid_controller) by extension 'ignore'
[1.342s] Level 1:colcon.colcon_core.package_identification:_identify(/home/kkcmaestro/ros2_wst/src/pid_controller) by extension 'ignore_ament_install'
[1.348s] Level 1:colcon.colcon_core.package_identification:_identify(/home/kkcmaestro/ros2_wst/src/pid_controller) by extensions ['colcon_pkg']
[1.348s] Level 1:colcon.colcon_core.package_identification:_identify(/home/kkcmaestro/ros2_wst/src/pid_controller) by extension 'colcon_pkg'
[1.350s] Level 1:colcon.colcon_core.package_identification:_identify(/home/kkcmaestro/ros2_wst/src/pid_controller) by extensions ['colcon_meta']
[1.350s] Level 1:colcon.colcon_core.package_identification:_identify(/home/kkcmaestro/ros2_wst/src/pid_controller) by extension 'colcon_meta'
[1.351s] Level 1:colcon.colcon_core.package_identification:_identify(/home/kkcmaestro/ros2_wst/src/pid_controller) by extensions ['ros']
[1.351s] Level 1:colcon.colcon_core.package_identification:_identify(/home/kkcmaestro/ros2_wst/src/pid_controller) by extension 'ros'
[1.378s] DEBUG:colcon.colcon_core.package_identification:Package '/home/kkcmaestro/ros2_wst/src/pid_controller' with type 'ros.ament_python' and name 'pid_controller'
[1.378s] Level 1:colcon.colcon_core.package_discovery:discover_packages(recursive) using defaults
