[1.466s] Invoking command in '/home/kkcmaestro/ros2_wst/src/pid_controller': DEBUGINFOD_URLS=https://debuginfod.ubuntu.com PYTHONPATH=/home/kkcmaestro/ros2_wst/build/pid_controller/prefix_override:/usr/lib/python3/dist-packages/colcon_core/task/python/colcon_distutils_commands:/home/kkcmaestro/ros2_wst/install/pid_controller/lib/python3.12/site-packages:${PYTHONPATH} /usr/bin/python3 -W ignore:setup.py install is deprecated -W ignore:easy_install command is deprecated setup.py egg_info --egg-base ../../build/pid_controller build --build-base /home/kkcmaestro/ros2_wst/build/pid_controller/build install --record /home/kkcmaestro/ros2_wst/build/pid_controller/install.log --single-version-externally-managed install_data
[1.922s] running egg_info
[1.970s] writing ../../build/pid_controller/pid_controller.egg-info/PKG-INFO
[1.971s] writing dependency_links to ../../build/pid_controller/pid_controller.egg-info/dependency_links.txt
[1.972s] writing entry points to ../../build/pid_controller/pid_controller.egg-info/entry_points.txt
[1.972s] writing requirements to ../../build/pid_controller/pid_controller.egg-info/requires.txt
[1.972s] writing top-level names to ../../build/pid_controller/pid_controller.egg-info/top_level.txt
[2.071s] reading manifest file '../../build/pid_controller/pid_controller.egg-info/SOURCES.txt'
[2.073s] writing manifest file '../../build/pid_controller/pid_controller.egg-info/SOURCES.txt'
[2.074s] running build
[2.074s] running build_py
[2.074s] copying pid_controller/Spawn.py -> /home/kkcmaestro/ros2_wst/build/pid_controller/build/lib/pid_controller
[2.075s] running install
[2.088s] running install_lib
[2.131s] copying /home/kkcmaestro/ros2_wst/build/pid_controller/build/lib/pid_controller/Spawn.py -> /home/kkcmaestro/ros2_wst/install/pid_controller/lib/python3.12/site-packages/pid_controller
[2.133s] byte-compiling /home/kkcmaestro/ros2_wst/install/pid_controller/lib/python3.12/site-packages/pid_controller/Spawn.py to Spawn.cpython-312.pyc
[2.134s] running install_data
[2.135s] running install_egg_info
[2.172s] removing '/home/kkcmaestro/ros2_wst/install/pid_controller/lib/python3.12/site-packages/pid_controller-0.0.0-py3.12.egg-info' (and everything under it)
[2.173s] Copying ../../build/pid_controller/pid_controller.egg-info to /home/kkcmaestro/ros2_wst/install/pid_controller/lib/python3.12/site-packages/pid_controller-0.0.0-py3.12.egg-info
[2.174s] running install_scripts
[2.393s] Installing circle_node script to /home/kkcmaestro/ros2_wst/install/pid_controller/lib/pid_controller
[2.393s] Installing deceleration_node script to /home/kkcmaestro/ros2_wst/install/pid_controller/lib/pid_controller
[2.394s] Installing half_vel_node script to /home/kkcmaestro/ros2_wst/install/pid_controller/lib/pid_controller
[2.394s] Installing pid_controller_node script to /home/kkcmaestro/ros2_wst/install/pid_controller/lib/pid_controller
[2.394s] Installing pid_grid_node script to /home/kkcmaestro/ros2_wst/install/pid_controller/lib/pid_controller
[2.395s] Installing police_turtle_node script to /home/kkcmaestro/ros2_wst/install/pid_controller/lib/pid_controller
[2.395s] Installing police_turtle_node2 script to /home/kkcmaestro/ros2_wst/install/pid_controller/lib/pid_controller
[2.395s] Installing rt_pt_node script to /home/kkcmaestro/ros2_wst/install/pid_controller/lib/pid_controller
[2.396s] Installing rt_pt_noise_node script to /home/kkcmaestro/ros2_wst/install/pid_controller/lib/pid_controller
[2.396s] Installing spawn_node script to /home/kkcmaestro/ros2_wst/install/pid_controller/lib/pid_controller
[2.397s] writing list of installed files to '/home/kkcmaestro/ros2_wst/build/pid_controller/install.log'
[2.447s] Invoked command in '/home/kkcmaestro/ros2_wst/src/pid_controller' returned '0': DEBUGINFOD_URLS=https://debuginfod.ubuntu.com PYTHONPATH=/home/kkcmaestro/ros2_wst/build/pid_controller/prefix_override:/usr/lib/python3/dist-packages/colcon_core/task/python/colcon_distutils_commands:/home/kkcmaestro/ros2_wst/install/pid_controller/lib/python3.12/site-packages:${PYTHONPATH} /usr/bin/python3 -W ignore:setup.py install is deprecated -W ignore:easy_install command is deprecated setup.py egg_info --egg-base ../../build/pid_controller build --build-base /home/kkcmaestro/ros2_wst/build/pid_controller/build install --record /home/kkcmaestro/ros2_wst/build/pid_controller/install.log --single-version-externally-managed install_data
